[12:10:12 26.06.2019] INFO: ASN-protocol revision: 50
[12:10:12 26.06.2019] INFO: [Ch1] Waiting incoming connection on :6010 from "pu_145"...
[12:10:12 26.06.2019] INFO: [Ch3] Waiting incoming connection on :6012 from "pu_145"...
[12:10:12 26.06.2019] INFO: [Ch4] Waiting incoming connection on :6013 from "pu_145"...
[12:10:12 26.06.2019] INFO: [Ch5] Waiting incoming connection on :6014 from "pu_145"...
[12:10:18 26.06.2019] INFO: [Ch3] Connect from 192.168.135.145:47880
[12:10:18 26.06.2019] WARNING: [Ch3] Using illegal protocol: TCP
[12:10:18 26.06.2019] INFO: [Ch4] Connect from 192.168.135.145:60244
[12:10:18 26.06.2019] WARNING: [Ch4] Using illegal protocol: TCP
[12:10:18 26.06.2019] INFO: [Ch5] Connect from 192.168.135.145:47306
[12:10:18 26.06.2019] WARNING: [Ch5] Using illegal protocol: TCP
[12:10:18 26.06.2019] INFO: [Ch4] Logical session established
[12:10:18 26.06.2019] INFO: [Ch3] Logical session established
[12:10:18 26.06.2019] INFO: [Ch1] Connect from 192.168.135.145:47430
[12:10:18 26.06.2019] WARNING: [Ch1] Using illegal protocol: TCP
[12:10:18 26.06.2019] INFO: [Ch2] Waiting incoming connection on :6011 from "pu_145"...
[12:10:18 26.06.2019] INFO: [Ch2] Connect from 192.168.135.145:42280
[12:10:18 26.06.2019] WARNING: [Ch2] Using illegal protocol: TCP
[12:10:18 26.06.2019] INFO: [Ch5] Logical session established
[12:10:18 26.06.2019] INFO: [Ch1] Logical session established
[12:11:38 26.06.2019] INFO: [Ch3] GetStructureRequest received
[12:11:38 26.06.2019] WARNING: Invalid SIZE of parameter. Required length from 1 to 256. Current length = 0. Element value = "". Path = 284 1 0 0 3 1 2 0 
[12:11:38 26.06.2019] WARNING: Invalid SIZE of parameter. Required length from 1 to 256. Current length = 0. Element value = "". Path = 284 1 0 0 3 1 2 0 
[12:11:38 26.06.2019] WARNING: Invalid SIZE of parameter. Required length from 1 to 256. Current length = 0. Element value = "". Path = 284 1 0 0 3 1 2 0 
[12:11:38 26.06.2019] WARNING: Invalid SIZE of parameter. Required length from 1 to 256. Current length = 0. Element value = "". Path = 284 1 0 0 3 1 2 0 
[12:11:38 26.06.2019] WARNING: Invalid SIZE of parameter. Required length from 1 to 256. Current length = 0. Element value = "". Path = 284 1 0 0 3 1 2 0 
[12:11:38 26.06.2019] WARNING: Invalid SIZE of parameter. Required length from 1 to 256. Current length = 0. Element value = "". Path = 284 1 0 0 3 1 2 0 
[12:13:38 26.06.2019] INFO: [Ch3] GetStructureRequest received
[12:13:39 26.06.2019] WARNING: Invalid SIZE of parameter. Required length from 1 to 256. Current length = 0. Element value = "". Path = 284 1 0 0 3 1 2 0 
[12:13:39 26.06.2019] WARNING: Invalid SIZE of parameter. Required length from 1 to 256. Current length = 0. Element value = "". Path = 284 1 0 0 3 1 2 0 
[12:13:39 26.06.2019] WARNING: Invalid SIZE of parameter. Required length from 1 to 256. Current length = 0. Element value = "". Path = 284 1 0 0 3 1 2 0 
[12:13:39 26.06.2019] WARNING: Invalid SIZE of parameter. Required length from 1 to 256. Current length = 0. Element value = "". Path = 284 1 0 0 3 1 2 0 
[12:13:39 26.06.2019] WARNING: Invalid SIZE of parameter. Required length from 1 to 256. Current length = 0. Element value = "". Path = 284 1 0 0 3 1 2 0 
[12:13:39 26.06.2019] WARNING: Invalid SIZE of parameter. Required length from 1 to 256. Current length = 0. Element value = "". Path = 284 1 0 0 3 1 2 0 
[12:15:38 26.06.2019] INFO: [Ch3] GetStructureRequest received
[12:15:39 26.06.2019] WARNING: Invalid SIZE of parameter. Required length from 1 to 256. Current length = 0. Element value = "". Path = 284 1 0 0 3 1 2 0 
[12:15:39 26.06.2019] WARNING: Invalid SIZE of parameter. Required length from 1 to 256. Current length = 0. Element value = "". Path = 284 1 0 0 3 1 2 0 
[12:15:39 26.06.2019] WARNING: Invalid SIZE of parameter. Required length from 1 to 256. Current length = 0. Element value = "". Path = 284 1 0 0 3 1 2 0 
[12:15:39 26.06.2019] WARNING: Invalid SIZE of parameter. Required length from 1 to 256. Current length = 0. Element value = "". Path = 284 1 0 0 3 1 2 0 
[12:15:39 26.06.2019] WARNING: Invalid SIZE of parameter. Required length from 1 to 256. Current length = 0. Element value = "". Path = 284 1 0 0 3 1 2 0 
[12:15:39 26.06.2019] WARNING: Invalid SIZE of parameter. Required length from 1 to 256. Current length = 0. Element value = "". Path = 284 1 0 0 3 1 2 0 
[12:17:38 26.06.2019] INFO: [Ch3] GetStructureRequest received
[12:17:39 26.06.2019] WARNING: Invalid SIZE of parameter. Required length from 1 to 256. Current length = 0. Element value = "". Path = 284 1 0 0 3 1 2 0 
[12:17:39 26.06.2019] WARNING: Invalid SIZE of parameter. Required length from 1 to 256. Current length = 0. Element value = "". Path = 284 1 0 0 3 1 2 0 
[12:17:39 26.06.2019] WARNING: Invalid SIZE of parameter. Required length from 1 to 256. Current length = 0. Element value = "". Path = 284 1 0 0 3 1 2 0 
[12:17:39 26.06.2019] WARNING: Invalid SIZE of parameter. Required length from 1 to 256. Current length = 0. Element value = "". Path = 284 1 0 0 3 1 2 0 
[12:17:39 26.06.2019] WARNING: Invalid SIZE of parameter. Required length from 1 to 256. Current length = 0. Element value = "". Path = 284 1 0 0 3 1 2 0 
[12:17:39 26.06.2019] WARNING: Invalid SIZE of parameter. Required length from 1 to 256. Current length = 0. Element value = "". Path = 284 1 0 0 3 1 2 0 
[12:19:32 26.06.2019] INFO: ASN-protocol revision: 50
[12:19:32 26.06.2019] INFO: [Ch1] Waiting incoming connection on :6010 from "pu_145"...
[12:19:32 26.06.2019] INFO: [Ch3] Waiting incoming connection on :6012 from "pu_145"...
[12:19:32 26.06.2019] INFO: [Ch4] Waiting incoming connection on :6013 from "pu_145"...
[12:19:32 26.06.2019] INFO: [Ch5] Waiting incoming connection on :6014 from "pu_145"...
[12:19:42 26.06.2019] INFO: [Ch5] Connect from 192.168.135.145:47694
[12:19:42 26.06.2019] WARNING: [Ch5] Using illegal protocol: TCP
[12:19:42 26.06.2019] INFO: [Ch5] Logical session established
[12:19:42 26.06.2019] INFO: [Ch3] Connect from 192.168.135.145:48268
[12:19:42 26.06.2019] WARNING: [Ch3] Using illegal protocol: TCP
[12:19:42 26.06.2019] INFO: [Ch4] Connect from 192.168.135.145:60632
[12:19:42 26.06.2019] WARNING: [Ch4] Using illegal protocol: TCP
[12:19:42 26.06.2019] INFO: [Ch3] Logical session established
[12:19:42 26.06.2019] INFO: [Ch4] Logical session established
[12:19:42 26.06.2019] INFO: [Ch1] Connect from 192.168.135.145:47818
[12:19:42 26.06.2019] WARNING: [Ch1] Using illegal protocol: TCP
[12:19:42 26.06.2019] INFO: [Ch2] Waiting incoming connection on :6011 from "pu_145"...
[12:19:42 26.06.2019] INFO: [Ch2] Connect from 192.168.135.145:42668
[12:19:42 26.06.2019] WARNING: [Ch2] Using illegal protocol: TCP
[12:19:42 26.06.2019] INFO: [Ch1] Logical session established
[12:19:44 26.06.2019] INFO: [Ch1] CreateTaskRequest received
[12:19:44 26.06.2019] INFO: All parameters written to DB. TaskID: 1522558
[12:19:44 26.06.2019] INFO: [Ch1] CreateTaskRequest received
[12:19:44 26.06.2019] INFO: All parameters written to DB. TaskID: 1522559
[12:19:44 26.06.2019] INFO: [Ch1] CreateTaskRequest received
[12:19:44 26.06.2019] INFO: All parameters written to DB. TaskID: 1522560
[12:19:49 26.06.2019] INFO: [Ch1] DataDropRequest received. TaskId: 1522558
[12:19:49 26.06.2019] ERROR: Cannot drop task 1522558: ERROR:  column "i_job_auto_drop" does not exist
CONTEXT:  Error occurred on dblink connection named "DELETE_CONNECT": could not execute query.
SQL statement "select * from dblink('DELETE_CONNECT','select dbms_job.create_job('||quote_literal('q_drop_' || split_part(split_part(p_name,',',1),'_',2))||','|| quote_literal(what)||',i_job_auto_drop=>true,i_job_desc=>''Drop result object'');') as t1(job_no numeric)"
PL/pgSQL function jan_result.run_job_drop_object(character varying) line 15 at SQL statement
SQL statement "select jan_result.run_job_drop_object('Q_1522558_9');"
PL/pgSQL function task_pac.delette(integer) line 58 at EXECUTE statement
SQL statement "SELECT task_pac.delette(p_task_id)"
PL/pgSQL function task_pac.delete(integer) line 32 at PERFORM
SQL statement "SELECT task_pac.delete(task_id)"
PL/pgSQL function gw_drop_task(integer) line 1 at PERFORM
 42703
[12:19:49 26.06.2019] INFO: [Ch1] DataDropRequest received. TaskId: 1522559
[12:19:49 26.06.2019] INFO: [Ch1] DataDropRequest received. TaskId: 1522560
[12:21:39 26.06.2019] INFO: [Ch3] GetStructureRequest received
[12:21:39 26.06.2019] WARNING: Invalid SIZE of parameter. Required length from 1 to 256. Current length = 0. Element value = "". Path = 284 1 0 0 3 1 2 0 
[12:21:39 26.06.2019] WARNING: Invalid SIZE of parameter. Required length from 1 to 256. Current length = 0. Element value = "". Path = 284 1 0 0 3 1 2 0 
[12:21:39 26.06.2019] WARNING: Invalid SIZE of parameter. Required length from 1 to 256. Current length = 0. Element value = "". Path = 284 1 0 0 3 1 2 0 
[12:21:39 26.06.2019] WARNING: Invalid SIZE of parameter. Required length from 1 to 256. Current length = 0. Element value = "". Path = 284 1 0 0 3 1 2 0 
[12:21:39 26.06.2019] WARNING: Invalid SIZE of parameter. Required length from 1 to 256. Current length = 0. Element value = "". Path = 284 1 0 0 3 1 2 0 
[12:21:39 26.06.2019] WARNING: Invalid SIZE of parameter. Required length from 1 to 256. Current length = 0. Element value = "". Path = 284 1 0 0 3 1 2 0 
