[12:10:12 26.06.2019] INFO: ASN-protocol revision: 50
[12:10:12 26.06.2019] INFO: [Ch1] Waiting incoming connection on :5055 from "pu_238"...
[12:10:12 26.06.2019] INFO: [Ch4] Waiting incoming connection on :5058 from "pu_238"...
[12:10:12 26.06.2019] INFO: [Ch5] Waiting incoming connection on :5059 from "pu_238"...
[12:10:12 26.06.2019] INFO: [Ch3] Waiting incoming connection on :5057 from "pu_238"...
[12:10:15 26.06.2019] INFO: [Ch4] Connect from 192.168.135.238:41776
[12:10:15 26.06.2019] WARNING: [Ch4] Using illegal protocol: TCP
[12:10:15 26.06.2019] DEBUG: [Ch4] Waiting for ConnectRequest message...
[12:10:15 26.06.2019] DEBUG: [Ch4] ConnectRequest received: session-timeout = 200000; max-data-length = 1000; data-packet-window-size = 16; data-load-timeout = 60; request-response-timeout = 60; data-packet-response-timeout = 60
[12:10:15 26.06.2019] DEBUG: [Ch4] ConnectResponse sent: confirmed-data-packet-window-size = 16; confirmed-session-timeout = 200000; confirmed-data-load-timeout = 60; confirmed-request-response-timeout = 60 Supports list: 181 113 2 25 4 222 107 82 240 161 200 221 5 43 32 21 103 168 114 104 87 280 81 180 227 160 140 224 86 50 223 229 31 41 144 6 167 89 220 283 110 29 132 88 260 170 83 164 108 116 172 101 28 30 22 20 143 285 124 105 40 121 85 109 142 173 226 284 162 225 27 166 42 80 112 111 23 228 26 281 3 141 115 120 165 102 24 123 282 122 100 106 1 171 84 169
[12:10:15 26.06.2019] DEBUG: [Ch4] Waiting for AdjustmentRequest message...
[12:10:15 26.06.2019] DEBUG: [Ch4] AdjustmentRequest received. Supports list: 181 113 2 25 4 222 107 82 240 161 200 221 5 43 32 21 103 168 114 104 87 280 81 180 227 160 140 224 86 50 223 229 31 41 144 6 167 89 220 283 110 29 132 88 260 170 83 164 108 116 172 101 28 30 22 20 143 285 124 105 40 121 85 109 142 173 226 284 162 225 27 166 42 80 112 111 23 228 26 281 3 141 115 120 165 102 24 123 282 122 100 106 1 171 84 169
[12:10:15 26.06.2019] DEBUG: [Ch4] AdjustmentResponse sent
[12:10:15 26.06.2019] INFO: [Ch4] Logical session established
[12:10:15 26.06.2019] INFO: [Ch1] Connect from 192.168.135.238:49930
[12:10:15 26.06.2019] WARNING: [Ch1] Using illegal protocol: TCP
[12:10:15 26.06.2019] INFO: [Ch2] Waiting incoming connection on :5056 from "pu_238"...
[12:10:15 26.06.2019] INFO: [Ch2] Connect from 192.168.135.238:44712
[12:10:15 26.06.2019] WARNING: [Ch2] Using illegal protocol: TCP
[12:10:15 26.06.2019] DEBUG: [Ch1] Waiting for ConnectRequest message...
[12:10:15 26.06.2019] DEBUG: [Ch1] ConnectRequest received: session-timeout = 200000; max-data-length = 1000; data-packet-window-size = 16; data-load-timeout = 60; request-response-timeout = 60; data-packet-response-timeout = 60
[12:10:15 26.06.2019] DEBUG: [Ch1] ConnectResponse sent: confirmed-data-packet-window-size = 16; confirmed-session-timeout = 200000; confirmed-data-load-timeout = 60; confirmed-request-response-timeout = 60 Supports list: 181 113 2 25 4 222 107 82 240 161 200 221 5 43 32 21 103 168 114 104 87 280 81 180 227 160 140 224 86 50 223 229 31 41 144 6 167 89 220 283 110 29 132 88 260 170 83 164 108 116 172 101 28 30 22 20 143 285 124 105 40 121 85 109 142 173 226 284 162 225 27 166 42 80 112 111 23 228 26 281 3 141 115 120 165 102 24 123 282 122 100 106 1 171 84 169
[12:10:15 26.06.2019] DEBUG: [Ch1] Waiting for AdjustmentRequest message...
[12:10:15 26.06.2019] DEBUG: [Ch1] AdjustmentRequest received. Supports list: 181 113 2 25 4 222 107 82 240 161 200 221 5 43 32 21 103 168 114 104 87 280 81 180 227 160 140 224 86 50 223 229 31 41 144 6 167 89 220 283 110 29 132 88 260 170 83 164 108 116 172 101 28 30 22 20 143 285 124 105 40 121 85 109 142 173 226 284 162 225 27 166 42 80 112 111 23 228 26 281 3 141 115 120 165 102 24 123 282 122 100 106 1 171 84 169
[12:10:15 26.06.2019] DEBUG: [Ch1] AdjustmentResponse sent
[12:10:15 26.06.2019] INFO: [Ch1] Logical session established
[12:10:15 26.06.2019] DEBUG: [Ch2] Waiting session establishment...
[12:10:15 26.06.2019] DEBUG: [Ch2] Logical session established
[12:10:15 26.06.2019] INFO: [Ch5] Connect from 192.168.135.238:45048
[12:10:15 26.06.2019] WARNING: [Ch5] Using illegal protocol: TCP
[12:10:15 26.06.2019] DEBUG: [Ch5] Waiting for ConnectRequest message...
[12:10:15 26.06.2019] DEBUG: [Ch5] ConnectRequest received: session-timeout = 200000; max-data-length = 1000; data-packet-window-size = 16; data-load-timeout = 60; request-response-timeout = 60; data-packet-response-timeout = 60
[12:10:15 26.06.2019] DEBUG: [Ch5] ConnectResponse sent: confirmed-data-packet-window-size = 16; confirmed-session-timeout = 200000; confirmed-data-load-timeout = 60; confirmed-request-response-timeout = 60 Supports list: 181 113 2 25 4 222 107 82 240 161 200 221 5 43 32 21 103 168 114 104 87 280 81 180 227 160 140 224 86 50 223 229 31 41 144 6 167 89 220 283 110 29 132 88 260 170 83 164 108 116 172 101 28 30 22 20 143 285 124 105 40 121 85 109 142 173 226 284 162 225 27 166 42 80 112 111 23 228 26 281 3 141 115 120 165 102 24 123 282 122 100 106 1 171 84 169
[12:10:15 26.06.2019] DEBUG: [Ch5] Waiting for AdjustmentRequest message...
[12:10:15 26.06.2019] DEBUG: [Ch5] AdjustmentRequest received. Supports list: 181 113 2 25 4 222 107 82 240 161 200 221 5 43 32 21 103 168 114 104 87 280 81 180 227 160 140 224 86 50 223 229 31 41 144 6 167 89 220 283 110 29 132 88 260 170 83 164 108 116 172 101 28 30 22 20 143 285 124 105 40 121 85 109 142 173 226 284 162 225 27 166 42 80 112 111 23 228 26 281 3 141 115 120 165 102 24 123 282 122 100 106 1 171 84 169
[12:10:15 26.06.2019] DEBUG: [Ch5] AdjustmentResponse sent
[12:10:15 26.06.2019] INFO: [Ch5] Logical session established
[12:10:16 26.06.2019] INFO: [Ch3] Connect from 192.168.135.238:44708
[12:10:16 26.06.2019] WARNING: [Ch3] Using illegal protocol: TCP
[12:10:16 26.06.2019] DEBUG: [Ch3] Waiting for ConnectRequest message...
[12:10:16 26.06.2019] DEBUG: [Ch3] ConnectRequest received: session-timeout = 200000; max-data-length = 1000; data-packet-window-size = 16; data-load-timeout = 60; request-response-timeout = 60; data-packet-response-timeout = 60
[12:10:16 26.06.2019] DEBUG: [Ch3] ConnectResponse sent: confirmed-data-packet-window-size = 16; confirmed-session-timeout = 200000; confirmed-data-load-timeout = 60; confirmed-request-response-timeout = 60 Supports list: 181 113 2 25 4 222 107 82 240 161 200 221 5 43 32 21 103 168 114 104 87 280 81 180 227 160 140 224 86 50 223 229 31 41 144 6 167 89 220 283 110 29 132 88 260 170 83 164 108 116 172 101 28 30 22 20 143 285 124 105 40 121 85 109 142 173 226 284 162 225 27 166 42 80 112 111 23 228 26 281 3 141 115 120 165 102 24 123 282 122 100 106 1 171 84 169
[12:10:16 26.06.2019] DEBUG: [Ch3] Waiting for AdjustmentRequest message...
[12:10:16 26.06.2019] DEBUG: [Ch3] AdjustmentRequest received. Supports list: 181 113 2 25 4 222 107 82 240 161 200 221 5 43 32 21 103 168 114 104 87 280 81 180 227 160 140 224 86 50 223 229 31 41 144 6 167 89 220 283 110 29 132 88 260 170 83 164 108 116 172 101 28 30 22 20 143 285 124 105 40 121 85 109 142 173 226 284 162 225 27 166 42 80 112 111 23 228 26 281 3 141 115 120 165 102 24 123 282 122 100 106 1 171 84 169
[12:10:16 26.06.2019] DEBUG: [Ch3] AdjustmentResponse sent
[12:10:16 26.06.2019] INFO: [Ch3] Logical session established
[12:10:16 26.06.2019] DEBUG: [Ch1] DataReadyRequest received
[12:10:17 26.06.2019] DEBUG: [Ch1] DataReadyRequest received
[12:10:18 26.06.2019] DEBUG: [Ch1] DataReadyRequest received
[12:10:19 26.06.2019] DEBUG: [Ch1] DataReadyRequest received
[12:10:20 26.06.2019] DEBUG: [Ch1] DataReadyRequest received
[12:10:21 26.06.2019] DEBUG: [Ch1] DataReadyRequest received
[12:10:22 26.06.2019] DEBUG: [Ch1] DataReadyRequest received
[12:10:23 26.06.2019] DEBUG: [Ch1] DataReadyRequest received
[12:10:24 26.06.2019] DEBUG: [Ch1] DataReadyRequest received
[12:10:25 26.06.2019] DEBUG: [Ch1] DataReadyRequest received
[12:10:26 26.06.2019] DEBUG: [Ch1] DataReadyRequest received
[12:10:27 26.06.2019] DEBUG: [Ch1] DataReadyRequest received
[12:10:28 26.06.2019] DEBUG: [Ch1] DataReadyRequest received
[12:10:29 26.06.2019] DEBUG: [Ch1] DataReadyRequest received
[12:10:30 26.06.2019] DEBUG: [Ch1] DataReadyRequest received
[12:10:31 26.06.2019] DEBUG: [Ch1] DataReadyRequest received
[12:10:32 26.06.2019] DEBUG: [Ch1] DataReadyRequest received
[12:10:33 26.06.2019] DEBUG: [Ch1] DataReadyRequest received
[12:10:34 26.06.2019] DEBUG: [Ch1] DataReadyRequest received
[12:10:35 26.06.2019] DEBUG: [Ch1] DataReadyRequest received
[12:10:36 26.06.2019] DEBUG: [Ch1] DataReadyRequest received
[12:10:37 26.06.2019] DEBUG: [Ch1] DataReadyRequest received
[12:10:38 26.06.2019] DEBUG: [Ch1] DataReadyRequest received
[12:10:39 26.06.2019] DEBUG: [Ch1] DataReadyRequest received
[12:10:40 26.06.2019] DEBUG: [Ch1] DataReadyRequest received
[12:10:41 26.06.2019] DEBUG: [Ch1] DataReadyRequest received
[12:10:42 26.06.2019] DEBUG: [Ch1] DataReadyRequest received
[12:10:43 26.06.2019] DEBUG: [Ch1] DataReadyRequest received
[12:10:44 26.06.2019] DEBUG: [Ch1] DataReadyRequest received
[12:10:45 26.06.2019] DEBUG: [Ch1] DataReadyRequest received
[12:10:45 26.06.2019] INFO: [Ch3] GetStructureRequest received
[12:10:45 26.06.2019] WARNING: Invalid SIZE of parameter. Required length from 1 to 256. Current length = 0. Element value = "". Path = 284 1 0 0 3 1 2 0 
[12:10:45 26.06.2019] WARNING: Invalid SIZE of parameter. Required length from 1 to 256. Current length = 0. Element value = "". Path = 284 1 0 0 3 1 2 0 
[12:10:45 26.06.2019] WARNING: Invalid SIZE of parameter. Required length from 1 to 256. Current length = 0. Element value = "". Path = 284 1 0 0 3 1 2 0 
[12:10:45 26.06.2019] WARNING: Invalid SIZE of parameter. Required length from 1 to 256. Current length = 0. Element value = "". Path = 284 1 0 0 3 1 2 0 
[12:10:45 26.06.2019] WARNING: Invalid SIZE of parameter. Required length from 1 to 256. Current length = 0. Element value = "". Path = 284 1 0 0 3 1 2 0 
[12:10:45 26.06.2019] WARNING: Invalid SIZE of parameter. Required length from 1 to 256. Current length = 0. Element value = "". Path = 284 1 0 0 3 1 2 0 
[12:10:46 26.06.2019] DEBUG: [Ch1] DataReadyRequest received
[12:10:47 26.06.2019] DEBUG: [Ch1] DataReadyRequest received
[12:10:48 26.06.2019] DEBUG: [Ch1] DataReadyRequest received
[12:10:49 26.06.2019] DEBUG: [Ch1] DataReadyRequest received
[12:10:50 26.06.2019] DEBUG: [Ch1] DataReadyRequest received
[12:10:51 26.06.2019] DEBUG: [Ch1] DataReadyRequest received
[12:10:52 26.06.2019] DEBUG: [Ch1] DataReadyRequest received
[12:10:53 26.06.2019] DEBUG: [Ch1] DataReadyRequest received
[12:10:54 26.06.2019] DEBUG: [Ch1] DataReadyRequest received
[12:10:55 26.06.2019] DEBUG: [Ch1] DataReadyRequest received
[12:10:56 26.06.2019] DEBUG: [Ch1] DataReadyRequest received
[12:10:57 26.06.2019] DEBUG: [Ch1] DataReadyRequest received
[12:10:58 26.06.2019] DEBUG: [Ch1] DataReadyRequest received
[12:10:59 26.06.2019] DEBUG: [Ch1] DataReadyRequest received
[12:11:00 26.06.2019] DEBUG: [Ch1] DataReadyRequest received
[12:11:01 26.06.2019] DEBUG: [Ch1] DataReadyRequest received
[12:11:02 26.06.2019] DEBUG: [Ch1] DataReadyRequest received
[12:11:03 26.06.2019] DEBUG: [Ch1] DataReadyRequest received
[12:11:04 26.06.2019] DEBUG: [Ch1] DataReadyRequest received
[12:11:05 26.06.2019] DEBUG: [Ch1] DataReadyRequest received
[12:11:06 26.06.2019] DEBUG: [Ch1] DataReadyRequest received
[12:11:07 26.06.2019] DEBUG: [Ch1] DataReadyRequest received
[12:11:08 26.06.2019] DEBUG: [Ch1] DataReadyRequest received
[12:11:09 26.06.2019] DEBUG: [Ch1] DataReadyRequest received
[12:11:10 26.06.2019] DEBUG: [Ch1] DataReadyRequest received
[12:11:11 26.06.2019] DEBUG: [Ch1] DataReadyRequest received
[12:11:12 26.06.2019] DEBUG: [Ch1] DataReadyRequest received
[12:11:13 26.06.2019] DEBUG: [Ch1] DataReadyRequest received
[12:11:14 26.06.2019] DEBUG: [Ch1] DataReadyRequest received
[12:11:15 26.06.2019] DEBUG: [Ch1] DataReadyRequest received
[12:11:16 26.06.2019] DEBUG: [Ch1] DataReadyRequest received
[12:11:17 26.06.2019] DEBUG: [Ch1] DataReadyRequest received
[12:11:18 26.06.2019] DEBUG: [Ch1] DataReadyRequest received
[12:11:19 26.06.2019] DEBUG: [Ch1] DataReadyRequest received
[12:11:20 26.06.2019] DEBUG: [Ch1] DataReadyRequest received
[12:11:21 26.06.2019] DEBUG: [Ch1] DataReadyRequest received
[12:11:22 26.06.2019] DEBUG: [Ch1] DataReadyRequest received
[12:11:23 26.06.2019] DEBUG: [Ch1] DataReadyRequest received
[12:11:24 26.06.2019] DEBUG: [Ch1] DataReadyRequest received
[12:11:25 26.06.2019] DEBUG: [Ch1] DataReadyRequest received
[12:11:26 26.06.2019] DEBUG: [Ch1] DataReadyRequest received
[12:11:27 26.06.2019] DEBUG: [Ch1] DataReadyRequest received
[12:11:28 26.06.2019] DEBUG: [Ch1] DataReadyRequest received
[12:11:29 26.06.2019] DEBUG: [Ch1] DataReadyRequest received
[12:11:30 26.06.2019] DEBUG: [Ch1] DataReadyRequest received
[12:11:31 26.06.2019] DEBUG: [Ch1] DataReadyRequest received
[12:11:32 26.06.2019] DEBUG: [Ch1] DataReadyRequest received
[12:11:33 26.06.2019] DEBUG: [Ch1] DataReadyRequest received
[12:11:34 26.06.2019] DEBUG: [Ch1] DataReadyRequest received
[12:11:35 26.06.2019] DEBUG: [Ch1] DataReadyRequest received
[12:11:36 26.06.2019] DEBUG: [Ch1] DataReadyRequest received
[12:11:37 26.06.2019] DEBUG: [Ch1] DataReadyRequest received
[12:11:38 26.06.2019] DEBUG: [Ch1] DataReadyRequest received
[12:11:39 26.06.2019] DEBUG: [Ch1] DataReadyRequest received
[12:11:40 26.06.2019] DEBUG: [Ch1] DataReadyRequest received
[12:11:41 26.06.2019] DEBUG: [Ch1] DataReadyRequest received
[12:11:42 26.06.2019] DEBUG: [Ch1] DataReadyRequest received
[12:11:43 26.06.2019] DEBUG: [Ch1] DataReadyRequest received
[12:11:44 26.06.2019] DEBUG: [Ch1] DataReadyRequest received
[12:11:45 26.06.2019] DEBUG: [Ch1] DataReadyRequest received
[12:11:46 26.06.2019] DEBUG: [Ch1] DataReadyRequest received
[12:11:47 26.06.2019] DEBUG: [Ch1] DataReadyRequest received
[12:11:48 26.06.2019] DEBUG: [Ch1] DataReadyRequest received
[12:11:49 26.06.2019] DEBUG: [Ch1] DataReadyRequest received
[12:11:50 26.06.2019] DEBUG: [Ch1] DataReadyRequest received
[12:11:51 26.06.2019] DEBUG: [Ch1] DataReadyRequest received
[12:11:52 26.06.2019] DEBUG: [Ch1] DataReadyRequest received
[12:11:53 26.06.2019] DEBUG: [Ch1] DataReadyRequest received
[12:11:54 26.06.2019] DEBUG: [Ch1] DataReadyRequest received
[12:11:55 26.06.2019] DEBUG: [Ch1] DataReadyRequest received
[12:11:56 26.06.2019] DEBUG: [Ch1] DataReadyRequest received
[12:11:57 26.06.2019] DEBUG: [Ch1] DataReadyRequest received
[12:11:58 26.06.2019] DEBUG: [Ch1] DataReadyRequest received
[12:11:59 26.06.2019] DEBUG: [Ch1] DataReadyRequest received
[12:12:00 26.06.2019] DEBUG: [Ch1] DataReadyRequest received
[12:12:01 26.06.2019] DEBUG: [Ch1] DataReadyRequest received
[12:12:02 26.06.2019] DEBUG: [Ch1] DataReadyRequest received
[12:12:03 26.06.2019] DEBUG: [Ch1] DataReadyRequest received
[12:12:04 26.06.2019] DEBUG: [Ch1] DataReadyRequest received
[12:12:05 26.06.2019] DEBUG: [Ch1] DataReadyRequest received
[12:12:06 26.06.2019] DEBUG: [Ch1] DataReadyRequest received
[12:12:07 26.06.2019] DEBUG: [Ch1] DataReadyRequest received
[12:12:08 26.06.2019] DEBUG: [Ch1] DataReadyRequest received
[12:12:09 26.06.2019] DEBUG: [Ch1] DataReadyRequest received
[12:12:10 26.06.2019] DEBUG: [Ch1] DataReadyRequest received
[12:12:11 26.06.2019] DEBUG: [Ch1] DataReadyRequest received
[12:12:12 26.06.2019] DEBUG: [Ch1] DataReadyRequest received
[12:12:13 26.06.2019] DEBUG: [Ch1] DataReadyRequest received
[12:12:14 26.06.2019] DEBUG: [Ch1] DataReadyRequest received
[12:12:15 26.06.2019] DEBUG: [Ch1] DataReadyRequest received
[12:12:16 26.06.2019] DEBUG: [Ch1] DataReadyRequest received
[12:12:17 26.06.2019] DEBUG: [Ch1] DataReadyRequest received
[12:12:18 26.06.2019] DEBUG: [Ch1] DataReadyRequest received
[12:12:19 26.06.2019] DEBUG: [Ch1] DataReadyRequest received
[12:12:20 26.06.2019] DEBUG: [Ch1] DataReadyRequest received
[12:12:21 26.06.2019] DEBUG: [Ch1] DataReadyRequest received
[12:12:22 26.06.2019] DEBUG: [Ch1] DataReadyRequest received
[12:12:23 26.06.2019] DEBUG: [Ch1] DataReadyRequest received
[12:12:24 26.06.2019] DEBUG: [Ch1] DataReadyRequest received
[12:12:25 26.06.2019] DEBUG: [Ch1] DataReadyRequest received
[12:12:26 26.06.2019] DEBUG: [Ch1] DataReadyRequest received
[12:12:27 26.06.2019] DEBUG: [Ch1] DataReadyRequest received
[12:12:28 26.06.2019] DEBUG: [Ch1] DataReadyRequest received
[12:12:29 26.06.2019] DEBUG: [Ch1] DataReadyRequest received
[12:12:30 26.06.2019] DEBUG: [Ch1] DataReadyRequest received
[12:12:31 26.06.2019] DEBUG: [Ch1] DataReadyRequest received
[12:12:32 26.06.2019] DEBUG: [Ch1] DataReadyRequest received
[12:12:33 26.06.2019] DEBUG: [Ch1] DataReadyRequest received
[12:12:34 26.06.2019] DEBUG: [Ch1] DataReadyRequest received
[12:12:35 26.06.2019] DEBUG: [Ch1] DataReadyRequest received
[12:12:36 26.06.2019] DEBUG: [Ch1] DataReadyRequest received
[12:12:37 26.06.2019] DEBUG: [Ch1] DataReadyRequest received
[12:12:38 26.06.2019] DEBUG: [Ch1] DataReadyRequest received
[12:12:39 26.06.2019] DEBUG: [Ch1] DataReadyRequest received
[12:12:40 26.06.2019] DEBUG: [Ch1] DataReadyRequest received
[12:12:41 26.06.2019] DEBUG: [Ch1] DataReadyRequest received
[12:12:42 26.06.2019] DEBUG: [Ch1] DataReadyRequest received
[12:12:43 26.06.2019] DEBUG: [Ch1] DataReadyRequest received
[12:12:44 26.06.2019] DEBUG: [Ch1] DataReadyRequest received
[12:12:45 26.06.2019] DEBUG: [Ch1] DataReadyRequest received
[12:12:45 26.06.2019] INFO: [Ch3] GetStructureRequest received
[12:12:45 26.06.2019] WARNING: Invalid SIZE of parameter. Required length from 1 to 256. Current length = 0. Element value = "". Path = 284 1 0 0 3 1 2 0 
[12:12:45 26.06.2019] WARNING: Invalid SIZE of parameter. Required length from 1 to 256. Current length = 0. Element value = "". Path = 284 1 0 0 3 1 2 0 
[12:12:45 26.06.2019] WARNING: Invalid SIZE of parameter. Required length from 1 to 256. Current length = 0. Element value = "". Path = 284 1 0 0 3 1 2 0 
[12:12:45 26.06.2019] WARNING: Invalid SIZE of parameter. Required length from 1 to 256. Current length = 0. Element value = "". Path = 284 1 0 0 3 1 2 0 
[12:12:45 26.06.2019] WARNING: Invalid SIZE of parameter. Required length from 1 to 256. Current length = 0. Element value = "". Path = 284 1 0 0 3 1 2 0 
[12:12:45 26.06.2019] WARNING: Invalid SIZE of parameter. Required length from 1 to 256. Current length = 0. Element value = "". Path = 284 1 0 0 3 1 2 0 
[12:12:46 26.06.2019] DEBUG: [Ch1] DataReadyRequest received
[12:12:47 26.06.2019] DEBUG: [Ch1] DataReadyRequest received
[12:12:48 26.06.2019] DEBUG: [Ch1] DataReadyRequest received
[12:12:49 26.06.2019] DEBUG: [Ch1] DataReadyRequest received
[12:12:50 26.06.2019] DEBUG: [Ch1] DataReadyRequest received
[12:12:51 26.06.2019] DEBUG: [Ch1] DataReadyRequest received
[12:12:52 26.06.2019] DEBUG: [Ch1] DataReadyRequest received
[12:12:53 26.06.2019] DEBUG: [Ch1] DataReadyRequest received
[12:12:54 26.06.2019] DEBUG: [Ch1] DataReadyRequest received
[12:12:55 26.06.2019] DEBUG: [Ch1] DataReadyRequest received
[12:12:56 26.06.2019] DEBUG: [Ch1] DataReadyRequest received
[12:12:57 26.06.2019] DEBUG: [Ch1] DataReadyRequest received
[12:12:58 26.06.2019] DEBUG: [Ch1] DataReadyRequest received
[12:12:59 26.06.2019] DEBUG: [Ch1] DataReadyRequest received
[12:13:00 26.06.2019] DEBUG: [Ch1] DataReadyRequest received
[12:13:01 26.06.2019] DEBUG: [Ch1] DataReadyRequest received
[12:13:02 26.06.2019] DEBUG: [Ch1] DataReadyRequest received
[12:13:03 26.06.2019] DEBUG: [Ch1] DataReadyRequest received
[12:13:04 26.06.2019] DEBUG: [Ch1] DataReadyRequest received
[12:13:05 26.06.2019] DEBUG: [Ch1] DataReadyRequest received
[12:13:06 26.06.2019] DEBUG: [Ch1] DataReadyRequest received
[12:13:07 26.06.2019] DEBUG: [Ch1] DataReadyRequest received
[12:13:08 26.06.2019] DEBUG: [Ch1] DataReadyRequest received
[12:13:09 26.06.2019] DEBUG: [Ch1] DataReadyRequest received
[12:13:10 26.06.2019] DEBUG: [Ch1] DataReadyRequest received
[12:13:11 26.06.2019] DEBUG: [Ch1] DataReadyRequest received
[12:13:12 26.06.2019] DEBUG: [Ch1] DataReadyRequest received
[12:13:13 26.06.2019] DEBUG: [Ch1] DataReadyRequest received
[12:13:14 26.06.2019] DEBUG: [Ch1] DataReadyRequest received
[12:13:15 26.06.2019] DEBUG: [Ch1] DataReadyRequest received
[12:13:16 26.06.2019] DEBUG: [Ch1] DataReadyRequest received
[12:13:17 26.06.2019] DEBUG: [Ch1] DataReadyRequest received
[12:13:18 26.06.2019] DEBUG: [Ch1] DataReadyRequest received
[12:13:19 26.06.2019] DEBUG: [Ch1] DataReadyRequest received
[12:13:20 26.06.2019] DEBUG: [Ch1] DataReadyRequest received
[12:13:21 26.06.2019] DEBUG: [Ch1] DataReadyRequest received
[12:13:22 26.06.2019] DEBUG: [Ch1] DataReadyRequest received
[12:13:23 26.06.2019] DEBUG: [Ch1] DataReadyRequest received
[12:13:24 26.06.2019] DEBUG: [Ch1] DataReadyRequest received
[12:13:25 26.06.2019] DEBUG: [Ch1] DataReadyRequest received
[12:13:26 26.06.2019] DEBUG: [Ch1] DataReadyRequest received
[12:13:27 26.06.2019] DEBUG: [Ch1] DataReadyRequest received
[12:13:28 26.06.2019] DEBUG: [Ch1] DataReadyRequest received
[12:13:29 26.06.2019] DEBUG: [Ch1] DataReadyRequest received
[12:13:30 26.06.2019] DEBUG: [Ch1] DataReadyRequest received
[12:13:31 26.06.2019] DEBUG: [Ch1] DataReadyRequest received
[12:13:32 26.06.2019] DEBUG: [Ch1] DataReadyRequest received
[12:13:33 26.06.2019] DEBUG: [Ch1] DataReadyRequest received
[12:13:34 26.06.2019] DEBUG: [Ch1] DataReadyRequest received
[12:13:35 26.06.2019] DEBUG: [Ch1] DataReadyRequest received
[12:13:36 26.06.2019] DEBUG: [Ch1] DataReadyRequest received
[12:13:37 26.06.2019] DEBUG: [Ch1] DataReadyRequest received
[12:13:38 26.06.2019] DEBUG: [Ch1] DataReadyRequest received
[12:13:39 26.06.2019] DEBUG: [Ch1] DataReadyRequest received
[12:13:40 26.06.2019] DEBUG: [Ch1] DataReadyRequest received
[12:13:41 26.06.2019] DEBUG: [Ch1] DataReadyRequest received
[12:13:42 26.06.2019] DEBUG: [Ch1] DataReadyRequest received
[12:13:43 26.06.2019] DEBUG: [Ch1] DataReadyRequest received
[12:13:44 26.06.2019] DEBUG: [Ch1] DataReadyRequest received
[12:13:45 26.06.2019] DEBUG: [Ch1] DataReadyRequest received
[12:13:46 26.06.2019] DEBUG: [Ch1] DataReadyRequest received
[12:13:47 26.06.2019] DEBUG: [Ch1] DataReadyRequest received
[12:13:48 26.06.2019] DEBUG: [Ch1] DataReadyRequest received
[12:13:49 26.06.2019] DEBUG: [Ch1] DataReadyRequest received
[12:13:50 26.06.2019] DEBUG: [Ch1] DataReadyRequest received
[12:13:51 26.06.2019] DEBUG: [Ch1] DataReadyRequest received
[12:13:52 26.06.2019] DEBUG: [Ch1] DataReadyRequest received
[12:13:53 26.06.2019] DEBUG: [Ch1] DataReadyRequest received
[12:13:54 26.06.2019] DEBUG: [Ch1] DataReadyRequest received
[12:13:55 26.06.2019] DEBUG: [Ch1] DataReadyRequest received
[12:13:56 26.06.2019] DEBUG: [Ch1] DataReadyRequest received
[12:13:57 26.06.2019] DEBUG: [Ch1] DataReadyRequest received
[12:13:58 26.06.2019] DEBUG: [Ch1] DataReadyRequest received
[12:13:59 26.06.2019] DEBUG: [Ch1] DataReadyRequest received
[12:14:00 26.06.2019] DEBUG: [Ch1] DataReadyRequest received
[12:14:01 26.06.2019] DEBUG: [Ch1] DataReadyRequest received
[12:14:02 26.06.2019] DEBUG: [Ch1] DataReadyRequest received
[12:14:03 26.06.2019] DEBUG: [Ch1] DataReadyRequest received
[12:14:04 26.06.2019] DEBUG: [Ch1] DataReadyRequest received
[12:14:05 26.06.2019] DEBUG: [Ch1] DataReadyRequest received
[12:14:06 26.06.2019] DEBUG: [Ch1] DataReadyRequest received
[12:14:07 26.06.2019] DEBUG: [Ch1] DataReadyRequest received
[12:14:08 26.06.2019] DEBUG: [Ch1] DataReadyRequest received
[12:14:09 26.06.2019] DEBUG: [Ch1] DataReadyRequest received
[12:14:10 26.06.2019] DEBUG: [Ch1] DataReadyRequest received
[12:14:11 26.06.2019] DEBUG: [Ch1] DataReadyRequest received
[12:14:12 26.06.2019] DEBUG: [Ch1] DataReadyRequest received
[12:14:13 26.06.2019] DEBUG: [Ch1] DataReadyRequest received
[12:14:14 26.06.2019] DEBUG: [Ch1] DataReadyRequest received
[12:14:15 26.06.2019] DEBUG: [Ch1] DataReadyRequest received
[12:14:16 26.06.2019] DEBUG: [Ch1] DataReadyRequest received
[12:14:17 26.06.2019] DEBUG: [Ch1] DataReadyRequest received
[12:14:18 26.06.2019] DEBUG: [Ch1] DataReadyRequest received
[12:14:19 26.06.2019] DEBUG: [Ch1] DataReadyRequest received
[12:14:20 26.06.2019] DEBUG: [Ch1] DataReadyRequest received
[12:14:21 26.06.2019] DEBUG: [Ch1] DataReadyRequest received
[12:14:22 26.06.2019] DEBUG: [Ch1] DataReadyRequest received
[12:14:23 26.06.2019] DEBUG: [Ch1] DataReadyRequest received
[12:14:24 26.06.2019] DEBUG: [Ch1] DataReadyRequest received
[12:14:25 26.06.2019] DEBUG: [Ch1] DataReadyRequest received
[12:14:26 26.06.2019] DEBUG: [Ch1] DataReadyRequest received
[12:14:27 26.06.2019] DEBUG: [Ch1] DataReadyRequest received
[12:14:28 26.06.2019] DEBUG: [Ch1] DataReadyRequest received
[12:14:29 26.06.2019] DEBUG: [Ch1] DataReadyRequest received
[12:14:30 26.06.2019] DEBUG: [Ch1] DataReadyRequest received
[12:14:31 26.06.2019] DEBUG: [Ch1] DataReadyRequest received
[12:14:32 26.06.2019] DEBUG: [Ch1] DataReadyRequest received
[12:14:33 26.06.2019] DEBUG: [Ch1] DataReadyRequest received
[12:14:34 26.06.2019] DEBUG: [Ch1] DataReadyRequest received
[12:14:35 26.06.2019] DEBUG: [Ch1] DataReadyRequest received
[12:14:36 26.06.2019] DEBUG: [Ch1] DataReadyRequest received
[12:14:37 26.06.2019] DEBUG: [Ch1] DataReadyRequest received
[12:14:38 26.06.2019] DEBUG: [Ch1] DataReadyRequest received
[12:14:39 26.06.2019] DEBUG: [Ch1] DataReadyRequest received
[12:14:40 26.06.2019] DEBUG: [Ch1] DataReadyRequest received
[12:14:41 26.06.2019] DEBUG: [Ch1] DataReadyRequest received
[12:14:42 26.06.2019] DEBUG: [Ch1] DataReadyRequest received
[12:14:43 26.06.2019] DEBUG: [Ch1] DataReadyRequest received
[12:14:44 26.06.2019] DEBUG: [Ch1] DataReadyRequest received
[12:14:45 26.06.2019] DEBUG: [Ch1] DataReadyRequest received
[12:14:45 26.06.2019] INFO: [Ch3] GetStructureRequest received
[12:14:45 26.06.2019] WARNING: Invalid SIZE of parameter. Required length from 1 to 256. Current length = 0. Element value = "". Path = 284 1 0 0 3 1 2 0 
[12:14:45 26.06.2019] WARNING: Invalid SIZE of parameter. Required length from 1 to 256. Current length = 0. Element value = "". Path = 284 1 0 0 3 1 2 0 
[12:14:45 26.06.2019] WARNING: Invalid SIZE of parameter. Required length from 1 to 256. Current length = 0. Element value = "". Path = 284 1 0 0 3 1 2 0 
[12:14:45 26.06.2019] WARNING: Invalid SIZE of parameter. Required length from 1 to 256. Current length = 0. Element value = "". Path = 284 1 0 0 3 1 2 0 
[12:14:45 26.06.2019] WARNING: Invalid SIZE of parameter. Required length from 1 to 256. Current length = 0. Element value = "". Path = 284 1 0 0 3 1 2 0 
[12:14:45 26.06.2019] WARNING: Invalid SIZE of parameter. Required length from 1 to 256. Current length = 0. Element value = "". Path = 284 1 0 0 3 1 2 0 
[12:14:46 26.06.2019] DEBUG: [Ch1] DataReadyRequest received
[12:14:47 26.06.2019] DEBUG: [Ch1] DataReadyRequest received
[12:14:48 26.06.2019] DEBUG: [Ch1] DataReadyRequest received
[12:14:49 26.06.2019] DEBUG: [Ch1] DataReadyRequest received
[12:14:50 26.06.2019] DEBUG: [Ch1] DataReadyRequest received
[12:14:51 26.06.2019] DEBUG: [Ch1] DataReadyRequest received
[12:14:52 26.06.2019] DEBUG: [Ch1] DataReadyRequest received
[12:14:53 26.06.2019] DEBUG: [Ch1] DataReadyRequest received
[12:14:54 26.06.2019] DEBUG: [Ch1] DataReadyRequest received
[12:14:55 26.06.2019] DEBUG: [Ch1] DataReadyRequest received
[12:14:56 26.06.2019] DEBUG: [Ch1] DataReadyRequest received
[12:14:57 26.06.2019] DEBUG: [Ch1] DataReadyRequest received
[12:14:58 26.06.2019] DEBUG: [Ch1] DataReadyRequest received
[12:14:59 26.06.2019] DEBUG: [Ch1] DataReadyRequest received
[12:15:00 26.06.2019] DEBUG: [Ch1] DataReadyRequest received
[12:15:01 26.06.2019] DEBUG: [Ch1] DataReadyRequest received
[12:15:02 26.06.2019] DEBUG: [Ch1] DataReadyRequest received
[12:15:03 26.06.2019] DEBUG: [Ch1] DataReadyRequest received
[12:15:04 26.06.2019] DEBUG: [Ch1] DataReadyRequest received
[12:15:05 26.06.2019] DEBUG: [Ch1] DataReadyRequest received
[12:15:06 26.06.2019] DEBUG: [Ch1] DataReadyRequest received
[12:15:07 26.06.2019] DEBUG: [Ch1] DataReadyRequest received
[12:15:08 26.06.2019] DEBUG: [Ch1] DataReadyRequest received
[12:15:09 26.06.2019] DEBUG: [Ch1] DataReadyRequest received
[12:15:10 26.06.2019] DEBUG: [Ch1] DataReadyRequest received
[12:15:11 26.06.2019] DEBUG: [Ch1] DataReadyRequest received
[12:15:12 26.06.2019] DEBUG: [Ch1] DataReadyRequest received
[12:15:13 26.06.2019] DEBUG: [Ch1] DataReadyRequest received
[12:15:14 26.06.2019] DEBUG: [Ch1] DataReadyRequest received
[12:15:15 26.06.2019] DEBUG: [Ch1] DataReadyRequest received
[12:15:16 26.06.2019] DEBUG: [Ch1] DataReadyRequest received
[12:15:17 26.06.2019] DEBUG: [Ch1] DataReadyRequest received
[12:15:18 26.06.2019] DEBUG: [Ch1] DataReadyRequest received
[12:15:19 26.06.2019] DEBUG: [Ch1] DataReadyRequest received
[12:15:20 26.06.2019] DEBUG: [Ch1] DataReadyRequest received
[12:15:21 26.06.2019] DEBUG: [Ch1] DataReadyRequest received
[12:15:22 26.06.2019] DEBUG: [Ch1] DataReadyRequest received
[12:15:23 26.06.2019] DEBUG: [Ch1] DataReadyRequest received
[12:15:24 26.06.2019] DEBUG: [Ch1] DataReadyRequest received
[12:15:25 26.06.2019] DEBUG: [Ch1] DataReadyRequest received
[12:15:26 26.06.2019] DEBUG: [Ch1] DataReadyRequest received
[12:15:27 26.06.2019] DEBUG: [Ch1] DataReadyRequest received
[12:15:28 26.06.2019] DEBUG: [Ch1] DataReadyRequest received
[12:15:29 26.06.2019] DEBUG: [Ch1] DataReadyRequest received
[12:15:30 26.06.2019] DEBUG: [Ch1] DataReadyRequest received
[12:15:31 26.06.2019] DEBUG: [Ch1] DataReadyRequest received
[12:15:32 26.06.2019] DEBUG: [Ch1] DataReadyRequest received
[12:15:33 26.06.2019] DEBUG: [Ch1] DataReadyRequest received
[12:15:34 26.06.2019] DEBUG: [Ch1] DataReadyRequest received
[12:15:35 26.06.2019] DEBUG: [Ch1] DataReadyRequest received
[12:15:36 26.06.2019] DEBUG: [Ch1] DataReadyRequest received
[12:15:37 26.06.2019] DEBUG: [Ch1] DataReadyRequest received
[12:15:38 26.06.2019] DEBUG: [Ch1] DataReadyRequest received
[12:15:39 26.06.2019] DEBUG: [Ch1] DataReadyRequest received
[12:15:40 26.06.2019] DEBUG: [Ch1] DataReadyRequest received
[12:15:41 26.06.2019] DEBUG: [Ch1] DataReadyRequest received
[12:15:42 26.06.2019] DEBUG: [Ch1] DataReadyRequest received
[12:15:43 26.06.2019] DEBUG: [Ch1] DataReadyRequest received
[12:15:44 26.06.2019] DEBUG: [Ch1] DataReadyRequest received
[12:15:45 26.06.2019] DEBUG: [Ch1] DataReadyRequest received
[12:15:46 26.06.2019] DEBUG: [Ch1] DataReadyRequest received
[12:15:47 26.06.2019] DEBUG: [Ch1] DataReadyRequest received
[12:15:48 26.06.2019] DEBUG: [Ch1] DataReadyRequest received
[12:15:49 26.06.2019] DEBUG: [Ch1] DataReadyRequest received
[12:15:50 26.06.2019] DEBUG: [Ch1] DataReadyRequest received
[12:15:51 26.06.2019] DEBUG: [Ch1] DataReadyRequest received
[12:15:52 26.06.2019] DEBUG: [Ch1] DataReadyRequest received
[12:15:53 26.06.2019] DEBUG: [Ch1] DataReadyRequest received
[12:15:54 26.06.2019] DEBUG: [Ch1] DataReadyRequest received
[12:15:55 26.06.2019] DEBUG: [Ch1] DataReadyRequest received
[12:15:56 26.06.2019] DEBUG: [Ch1] DataReadyRequest received
[12:15:57 26.06.2019] DEBUG: [Ch1] DataReadyRequest received
[12:15:58 26.06.2019] DEBUG: [Ch1] DataReadyRequest received
[12:15:59 26.06.2019] DEBUG: [Ch1] DataReadyRequest received
[12:16:00 26.06.2019] DEBUG: [Ch1] DataReadyRequest received
[12:16:01 26.06.2019] DEBUG: [Ch1] DataReadyRequest received
[12:16:02 26.06.2019] DEBUG: [Ch1] DataReadyRequest received
[12:16:03 26.06.2019] DEBUG: [Ch1] DataReadyRequest received
[12:16:04 26.06.2019] DEBUG: [Ch1] DataReadyRequest received
[12:16:05 26.06.2019] DEBUG: [Ch1] DataReadyRequest received
[12:16:06 26.06.2019] DEBUG: [Ch1] DataReadyRequest received
[12:16:07 26.06.2019] DEBUG: [Ch1] DataReadyRequest received
[12:16:08 26.06.2019] DEBUG: [Ch1] DataReadyRequest received
[12:16:09 26.06.2019] DEBUG: [Ch1] DataReadyRequest received
[12:16:10 26.06.2019] DEBUG: [Ch1] DataReadyRequest received
[12:16:11 26.06.2019] DEBUG: [Ch1] DataReadyRequest received
[12:16:12 26.06.2019] DEBUG: [Ch1] DataReadyRequest received
[12:16:13 26.06.2019] DEBUG: [Ch1] DataReadyRequest received
[12:16:14 26.06.2019] DEBUG: [Ch1] DataReadyRequest received
[12:16:15 26.06.2019] DEBUG: [Ch1] DataReadyRequest received
[12:16:16 26.06.2019] DEBUG: [Ch1] DataReadyRequest received
[12:16:17 26.06.2019] DEBUG: [Ch1] DataReadyRequest received
[12:16:18 26.06.2019] DEBUG: [Ch1] DataReadyRequest received
[12:16:19 26.06.2019] DEBUG: [Ch1] DataReadyRequest received
[12:16:20 26.06.2019] DEBUG: [Ch1] DataReadyRequest received
[12:16:21 26.06.2019] DEBUG: [Ch1] DataReadyRequest received
[12:16:22 26.06.2019] DEBUG: [Ch1] DataReadyRequest received
[12:16:23 26.06.2019] DEBUG: [Ch1] DataReadyRequest received
[12:16:24 26.06.2019] DEBUG: [Ch1] DataReadyRequest received
[12:16:25 26.06.2019] DEBUG: [Ch1] DataReadyRequest received
[12:16:26 26.06.2019] DEBUG: [Ch1] DataReadyRequest received
[12:16:27 26.06.2019] DEBUG: [Ch1] DataReadyRequest received
[12:16:28 26.06.2019] DEBUG: [Ch1] DataReadyRequest received
[12:16:29 26.06.2019] DEBUG: [Ch1] DataReadyRequest received
[12:16:30 26.06.2019] DEBUG: [Ch1] DataReadyRequest received
[12:16:31 26.06.2019] DEBUG: [Ch1] DataReadyRequest received
[12:16:32 26.06.2019] DEBUG: [Ch1] DataReadyRequest received
[12:16:33 26.06.2019] DEBUG: [Ch1] DataReadyRequest received
[12:16:34 26.06.2019] DEBUG: [Ch1] DataReadyRequest received
[12:16:35 26.06.2019] DEBUG: [Ch1] DataReadyRequest received
[12:16:36 26.06.2019] DEBUG: [Ch1] DataReadyRequest received
[12:16:37 26.06.2019] DEBUG: [Ch1] DataReadyRequest received
[12:16:38 26.06.2019] DEBUG: [Ch1] DataReadyRequest received
[12:16:39 26.06.2019] DEBUG: [Ch1] DataReadyRequest received
[12:16:40 26.06.2019] DEBUG: [Ch1] DataReadyRequest received
[12:16:41 26.06.2019] DEBUG: [Ch1] DataReadyRequest received
[12:16:42 26.06.2019] DEBUG: [Ch1] DataReadyRequest received
[12:16:43 26.06.2019] DEBUG: [Ch1] DataReadyRequest received
[12:16:44 26.06.2019] DEBUG: [Ch1] DataReadyRequest received
[12:16:45 26.06.2019] DEBUG: [Ch1] DataReadyRequest received
[12:16:45 26.06.2019] INFO: [Ch3] GetStructureRequest received
[12:16:45 26.06.2019] WARNING: Invalid SIZE of parameter. Required length from 1 to 256. Current length = 0. Element value = "". Path = 284 1 0 0 3 1 2 0 
[12:16:45 26.06.2019] WARNING: Invalid SIZE of parameter. Required length from 1 to 256. Current length = 0. Element value = "". Path = 284 1 0 0 3 1 2 0 
[12:16:45 26.06.2019] WARNING: Invalid SIZE of parameter. Required length from 1 to 256. Current length = 0. Element value = "". Path = 284 1 0 0 3 1 2 0 
[12:16:45 26.06.2019] WARNING: Invalid SIZE of parameter. Required length from 1 to 256. Current length = 0. Element value = "". Path = 284 1 0 0 3 1 2 0 
[12:16:45 26.06.2019] WARNING: Invalid SIZE of parameter. Required length from 1 to 256. Current length = 0. Element value = "". Path = 284 1 0 0 3 1 2 0 
[12:16:45 26.06.2019] WARNING: Invalid SIZE of parameter. Required length from 1 to 256. Current length = 0. Element value = "". Path = 284 1 0 0 3 1 2 0 
[12:16:46 26.06.2019] DEBUG: [Ch1] DataReadyRequest received
[12:16:47 26.06.2019] DEBUG: [Ch1] DataReadyRequest received
[12:16:48 26.06.2019] DEBUG: [Ch1] DataReadyRequest received
[12:16:49 26.06.2019] DEBUG: [Ch1] DataReadyRequest received
[12:16:50 26.06.2019] DEBUG: [Ch1] DataReadyRequest received
[12:16:51 26.06.2019] DEBUG: [Ch1] DataReadyRequest received
[12:16:52 26.06.2019] DEBUG: [Ch1] DataReadyRequest received
[12:16:53 26.06.2019] DEBUG: [Ch1] DataReadyRequest received
[12:16:54 26.06.2019] DEBUG: [Ch1] DataReadyRequest received
[12:16:55 26.06.2019] DEBUG: [Ch1] DataReadyRequest received
[12:16:56 26.06.2019] DEBUG: [Ch1] DataReadyRequest received
[12:16:57 26.06.2019] DEBUG: [Ch1] DataReadyRequest received
[12:16:58 26.06.2019] DEBUG: [Ch1] DataReadyRequest received
[12:16:59 26.06.2019] DEBUG: [Ch1] DataReadyRequest received
[12:17:00 26.06.2019] DEBUG: [Ch1] DataReadyRequest received
[12:17:01 26.06.2019] DEBUG: [Ch1] DataReadyRequest received
[12:17:02 26.06.2019] DEBUG: [Ch1] DataReadyRequest received
[12:17:03 26.06.2019] DEBUG: [Ch1] DataReadyRequest received
[12:17:04 26.06.2019] DEBUG: [Ch1] DataReadyRequest received
[12:17:05 26.06.2019] DEBUG: [Ch1] DataReadyRequest received
[12:17:06 26.06.2019] DEBUG: [Ch1] DataReadyRequest received
[12:17:07 26.06.2019] DEBUG: [Ch1] DataReadyRequest received
[12:17:08 26.06.2019] DEBUG: [Ch1] DataReadyRequest received
[12:17:09 26.06.2019] DEBUG: [Ch1] DataReadyRequest received
[12:17:10 26.06.2019] DEBUG: [Ch1] DataReadyRequest received
[12:17:11 26.06.2019] DEBUG: [Ch1] DataReadyRequest received
[12:17:12 26.06.2019] DEBUG: [Ch1] DataReadyRequest received
[12:17:13 26.06.2019] DEBUG: [Ch1] DataReadyRequest received
[12:17:14 26.06.2019] DEBUG: [Ch1] DataReadyRequest received
[12:17:15 26.06.2019] DEBUG: [Ch1] DataReadyRequest received
[12:17:16 26.06.2019] DEBUG: [Ch1] DataReadyRequest received
[12:17:17 26.06.2019] DEBUG: [Ch1] DataReadyRequest received
[12:17:18 26.06.2019] DEBUG: [Ch1] DataReadyRequest received
[12:17:19 26.06.2019] DEBUG: [Ch1] DataReadyRequest received
[12:17:20 26.06.2019] DEBUG: [Ch1] DataReadyRequest received
[12:17:21 26.06.2019] DEBUG: [Ch1] DataReadyRequest received
[12:17:22 26.06.2019] DEBUG: [Ch1] DataReadyRequest received
[12:17:23 26.06.2019] DEBUG: [Ch1] DataReadyRequest received
[12:17:24 26.06.2019] DEBUG: [Ch1] DataReadyRequest received
[12:17:25 26.06.2019] DEBUG: [Ch1] DataReadyRequest received
[12:17:26 26.06.2019] DEBUG: [Ch1] DataReadyRequest received
[12:17:27 26.06.2019] DEBUG: [Ch1] DataReadyRequest received
[12:17:28 26.06.2019] DEBUG: [Ch1] DataReadyRequest received
[12:17:29 26.06.2019] DEBUG: [Ch1] DataReadyRequest received
[12:17:30 26.06.2019] DEBUG: [Ch1] DataReadyRequest received
[12:17:31 26.06.2019] DEBUG: [Ch1] DataReadyRequest received
[12:17:32 26.06.2019] DEBUG: [Ch1] DataReadyRequest received
[12:17:33 26.06.2019] DEBUG: [Ch1] DataReadyRequest received
[12:17:34 26.06.2019] DEBUG: [Ch1] DataReadyRequest received
[12:17:35 26.06.2019] DEBUG: [Ch1] DataReadyRequest received
[12:17:36 26.06.2019] DEBUG: [Ch1] DataReadyRequest received
[12:17:37 26.06.2019] DEBUG: [Ch1] DataReadyRequest received
[12:17:38 26.06.2019] DEBUG: [Ch1] DataReadyRequest received
[12:17:39 26.06.2019] DEBUG: [Ch1] DataReadyRequest received
[12:17:40 26.06.2019] DEBUG: [Ch1] DataReadyRequest received
[12:17:41 26.06.2019] DEBUG: [Ch1] DataReadyRequest received
[12:17:42 26.06.2019] DEBUG: [Ch1] DataReadyRequest received
[12:17:43 26.06.2019] DEBUG: [Ch1] DataReadyRequest received
[12:17:44 26.06.2019] DEBUG: [Ch1] DataReadyRequest received
[12:17:45 26.06.2019] DEBUG: [Ch1] DataReadyRequest received
[12:17:46 26.06.2019] DEBUG: [Ch1] DataReadyRequest received
[12:17:47 26.06.2019] DEBUG: [Ch1] DataReadyRequest received
[12:17:48 26.06.2019] DEBUG: [Ch1] DataReadyRequest received
[12:17:49 26.06.2019] DEBUG: [Ch1] DataReadyRequest received
[12:17:50 26.06.2019] DEBUG: [Ch1] DataReadyRequest received
[12:17:51 26.06.2019] DEBUG: [Ch1] DataReadyRequest received
[12:17:52 26.06.2019] DEBUG: [Ch1] DataReadyRequest received
[12:17:53 26.06.2019] DEBUG: [Ch1] DataReadyRequest received
[12:17:54 26.06.2019] DEBUG: [Ch1] DataReadyRequest received
[12:17:55 26.06.2019] DEBUG: [Ch1] DataReadyRequest received
[12:17:56 26.06.2019] DEBUG: [Ch1] DataReadyRequest received
[12:17:57 26.06.2019] DEBUG: [Ch1] DataReadyRequest received
[12:17:58 26.06.2019] DEBUG: [Ch1] DataReadyRequest received
[12:17:59 26.06.2019] DEBUG: [Ch1] DataReadyRequest received
[12:18:00 26.06.2019] DEBUG: [Ch1] DataReadyRequest received
[12:18:01 26.06.2019] DEBUG: [Ch1] DataReadyRequest received
[12:18:02 26.06.2019] DEBUG: [Ch1] DataReadyRequest received
[12:18:03 26.06.2019] DEBUG: [Ch1] DataReadyRequest received
[12:18:04 26.06.2019] DEBUG: [Ch1] DataReadyRequest received
[12:18:05 26.06.2019] DEBUG: [Ch1] DataReadyRequest received
[12:18:06 26.06.2019] DEBUG: [Ch1] DataReadyRequest received
[12:18:07 26.06.2019] DEBUG: [Ch1] DataReadyRequest received
[12:18:08 26.06.2019] DEBUG: [Ch1] DataReadyRequest received
[12:18:09 26.06.2019] DEBUG: [Ch1] DataReadyRequest received
[12:18:10 26.06.2019] DEBUG: [Ch1] DataReadyRequest received
[12:18:11 26.06.2019] DEBUG: [Ch1] DataReadyRequest received
[12:18:12 26.06.2019] DEBUG: [Ch1] DataReadyRequest received
[12:18:13 26.06.2019] DEBUG: [Ch1] DataReadyRequest received
[12:18:14 26.06.2019] DEBUG: [Ch1] DataReadyRequest received
[12:18:15 26.06.2019] DEBUG: [Ch1] DataReadyRequest received
[12:18:16 26.06.2019] DEBUG: [Ch1] DataReadyRequest received
[12:18:17 26.06.2019] DEBUG: [Ch1] DataReadyRequest received
[12:18:18 26.06.2019] DEBUG: [Ch1] DataReadyRequest received
[12:18:19 26.06.2019] DEBUG: [Ch1] DataReadyRequest received
[12:18:20 26.06.2019] DEBUG: [Ch1] DataReadyRequest received
[12:18:21 26.06.2019] DEBUG: [Ch1] DataReadyRequest received
[12:18:22 26.06.2019] DEBUG: [Ch1] DataReadyRequest received
[12:18:23 26.06.2019] DEBUG: [Ch1] DataReadyRequest received
[12:18:24 26.06.2019] DEBUG: [Ch1] DataReadyRequest received
[12:18:25 26.06.2019] DEBUG: [Ch1] DataReadyRequest received
[12:18:26 26.06.2019] DEBUG: [Ch1] DataReadyRequest received
[12:18:27 26.06.2019] DEBUG: [Ch1] DataReadyRequest received
[12:18:28 26.06.2019] DEBUG: [Ch1] DataReadyRequest received
[12:18:29 26.06.2019] DEBUG: [Ch1] DataReadyRequest received
[12:18:30 26.06.2019] DEBUG: [Ch1] DataReadyRequest received
[12:18:31 26.06.2019] DEBUG: [Ch1] DataReadyRequest received
[12:18:32 26.06.2019] DEBUG: [Ch1] DataReadyRequest received
[12:18:33 26.06.2019] DEBUG: [Ch1] DataReadyRequest received
[12:18:34 26.06.2019] DEBUG: [Ch1] DataReadyRequest received
[12:18:35 26.06.2019] DEBUG: [Ch1] DataReadyRequest received
[12:18:36 26.06.2019] DEBUG: [Ch1] DataReadyRequest received
[12:18:37 26.06.2019] DEBUG: [Ch1] DataReadyRequest received
[12:18:38 26.06.2019] DEBUG: [Ch1] DataReadyRequest received
[12:18:39 26.06.2019] DEBUG: [Ch1] DataReadyRequest received
[12:18:40 26.06.2019] DEBUG: [Ch1] DataReadyRequest received
[12:18:41 26.06.2019] DEBUG: [Ch1] DataReadyRequest received
[12:18:42 26.06.2019] DEBUG: [Ch1] DataReadyRequest received
[12:18:43 26.06.2019] DEBUG: [Ch1] DataReadyRequest received
[12:18:44 26.06.2019] DEBUG: [Ch1] DataReadyRequest received
[12:18:45 26.06.2019] DEBUG: [Ch1] DataReadyRequest received
[12:18:45 26.06.2019] INFO: [Ch3] GetStructureRequest received
[12:18:45 26.06.2019] WARNING: Invalid SIZE of parameter. Required length from 1 to 256. Current length = 0. Element value = "". Path = 284 1 0 0 3 1 2 0 
[12:18:45 26.06.2019] WARNING: Invalid SIZE of parameter. Required length from 1 to 256. Current length = 0. Element value = "". Path = 284 1 0 0 3 1 2 0 
[12:18:45 26.06.2019] WARNING: Invalid SIZE of parameter. Required length from 1 to 256. Current length = 0. Element value = "". Path = 284 1 0 0 3 1 2 0 
[12:18:45 26.06.2019] WARNING: Invalid SIZE of parameter. Required length from 1 to 256. Current length = 0. Element value = "". Path = 284 1 0 0 3 1 2 0 
[12:18:45 26.06.2019] WARNING: Invalid SIZE of parameter. Required length from 1 to 256. Current length = 0. Element value = "". Path = 284 1 0 0 3 1 2 0 
[12:18:45 26.06.2019] WARNING: Invalid SIZE of parameter. Required length from 1 to 256. Current length = 0. Element value = "". Path = 284 1 0 0 3 1 2 0 
[12:18:46 26.06.2019] DEBUG: [Ch1] DataReadyRequest received
[12:18:47 26.06.2019] DEBUG: [Ch1] DataReadyRequest received
[12:18:48 26.06.2019] DEBUG: [Ch1] DataReadyRequest received
[12:18:49 26.06.2019] DEBUG: [Ch1] DataReadyRequest received
[12:18:50 26.06.2019] DEBUG: [Ch1] DataReadyRequest received
[12:18:50 26.06.2019] INFO: [Ch1] CreateTaskRequest received
[12:18:50 26.06.2019] INFO: [Ch1] CreateTaskRequest received
[12:18:50 26.06.2019] INFO: All parameters written to DB. TaskID: 1522543
[12:18:50 26.06.2019] INFO: [Ch1] CreateTaskRequest received
[12:18:50 26.06.2019] INFO: All parameters written to DB. TaskID: 1522544
[12:18:50 26.06.2019] INFO: All parameters written to DB. TaskID: 1522545
[12:18:51 26.06.2019] DEBUG: [Ch1] DataReadyRequest received
[12:18:52 26.06.2019] DEBUG: [Ch1] DataReadyRequest received
[12:18:53 26.06.2019] DEBUG: [Ch1] DataReadyRequest received
[12:18:54 26.06.2019] DEBUG: [Ch1] DataReadyRequest received
[12:18:55 26.06.2019] DEBUG: [Ch1] DataReadyRequest received
[12:18:55 26.06.2019] INFO: [Ch1] DataDropRequest received. TaskId: 1522543
[12:18:55 26.06.2019] INFO: [Ch1] DataDropRequest received. TaskId: 1522544
[12:18:55 26.06.2019] INFO: [Ch1] DataDropRequest received. TaskId: 1522545
[12:18:55 26.06.2019] ERROR: Cannot drop task 1522545: ERROR:  column "i_job_auto_drop" does not exist
CONTEXT:  Error occurred on dblink connection named "DELETE_CONNECT": could not execute query.
SQL statement "select * from dblink('DELETE_CONNECT','select dbms_job.create_job('||quote_literal('q_drop_' || split_part(split_part(p_name,',',1),'_',2))||','|| quote_literal(what)||',i_job_auto_drop=>true,i_job_desc=>''Drop result object'');') as t1(job_no numeric)"
PL/pgSQL function jan_result.run_job_drop_object(character varying) line 15 at SQL statement
SQL statement "select jan_result.run_job_drop_object('Q_1522545_9');"
PL/pgSQL function task_pac.delette(integer) line 58 at EXECUTE statement
SQL statement "SELECT task_pac.delette(p_task_id)"
PL/pgSQL function task_pac.delete(integer) line 32 at PERFORM
SQL statement "SELECT task_pac.delete(task_id)"
PL/pgSQL function gw_drop_task(integer) line 1 at PERFORM
 42703
[12:18:56 26.06.2019] DEBUG: [Ch1] DataReadyRequest received
[12:18:57 26.06.2019] DEBUG: [Ch1] DataReadyRequest received
[12:18:58 26.06.2019] DEBUG: [Ch1] DataReadyRequest received
[12:18:59 26.06.2019] DEBUG: [Ch1] DataReadyRequest received
[12:19:00 26.06.2019] DEBUG: [Ch1] DataReadyRequest received
[12:19:01 26.06.2019] DEBUG: [Ch1] DataReadyRequest received
[12:19:02 26.06.2019] DEBUG: [Ch1] DataReadyRequest received
[12:19:03 26.06.2019] DEBUG: [Ch1] DataReadyRequest received
[12:19:04 26.06.2019] DEBUG: [Ch1] DataReadyRequest received
[12:19:05 26.06.2019] DEBUG: [Ch1] DataReadyRequest received
[12:19:06 26.06.2019] DEBUG: [Ch1] DataReadyRequest received
[12:19:07 26.06.2019] DEBUG: [Ch1] DataReadyRequest received
[12:19:08 26.06.2019] DEBUG: [Ch1] DataReadyRequest received
[12:19:09 26.06.2019] DEBUG: [Ch1] DataReadyRequest received
[12:19:10 26.06.2019] DEBUG: [Ch1] DataReadyRequest received
[12:19:11 26.06.2019] DEBUG: [Ch1] DataReadyRequest received
[12:19:32 26.06.2019] INFO: ASN-protocol revision: 50
[12:19:32 26.06.2019] INFO: [Ch1] Waiting incoming connection on :5055 from "pu_238"...
[12:19:32 26.06.2019] INFO: [Ch3] Waiting incoming connection on :5057 from "pu_238"...
[12:19:32 26.06.2019] INFO: [Ch4] Waiting incoming connection on :5058 from "pu_238"...
[12:19:32 26.06.2019] INFO: [Ch5] Waiting incoming connection on :5059 from "pu_238"...
[12:19:34 26.06.2019] INFO: [Ch3] Connect from 192.168.135.238:46010
[12:19:34 26.06.2019] WARNING: [Ch3] Using illegal protocol: TCP
[12:19:34 26.06.2019] INFO: [Ch4] Connect from 192.168.135.238:43090
[12:19:34 26.06.2019] WARNING: [Ch4] Using illegal protocol: TCP
[12:19:34 26.06.2019] DEBUG: [Ch3] Waiting for ConnectRequest message...
[12:19:34 26.06.2019] DEBUG: [Ch3] ConnectRequest received: session-timeout = 200000; max-data-length = 1000; data-packet-window-size = 16; data-load-timeout = 60; request-response-timeout = 60; data-packet-response-timeout = 60
[12:19:34 26.06.2019] DEBUG: [Ch3] ConnectResponse sent: confirmed-data-packet-window-size = 16; confirmed-session-timeout = 200000; confirmed-data-load-timeout = 60; confirmed-request-response-timeout = 60 Supports list: 181 113 2 25 4 222 107 82 240 161 200 221 5 43 32 21 103 168 114 104 87 280 81 180 227 160 140 224 86 50 223 229 31 41 144 6 167 89 220 283 110 29 132 88 260 170 83 164 108 116 172 101 28 30 22 20 143 285 124 105 40 121 85 109 142 173 226 284 162 225 27 166 42 80 112 111 23 228 26 281 3 141 115 120 165 102 24 123 282 122 100 106 1 171 84 169
[12:19:34 26.06.2019] DEBUG: [Ch3] Waiting for AdjustmentRequest message...
[12:19:34 26.06.2019] DEBUG: [Ch4] Waiting for ConnectRequest message...
[12:19:34 26.06.2019] DEBUG: [Ch4] ConnectRequest received: session-timeout = 200000; max-data-length = 1000; data-packet-window-size = 16; data-load-timeout = 60; request-response-timeout = 60; data-packet-response-timeout = 60
[12:19:34 26.06.2019] DEBUG: [Ch4] ConnectResponse sent: confirmed-data-packet-window-size = 16; confirmed-session-timeout = 200000; confirmed-data-load-timeout = 60; confirmed-request-response-timeout = 60 Supports list: 181 113 2 25 4 222 107 82 240 161 200 221 5 43 32 21 103 168 114 104 87 280 81 180 227 160 140 224 86 50 223 229 31 41 144 6 167 89 220 283 110 29 132 88 260 170 83 164 108 116 172 101 28 30 22 20 143 285 124 105 40 121 85 109 142 173 226 284 162 225 27 166 42 80 112 111 23 228 26 281 3 141 115 120 165 102 24 123 282 122 100 106 1 171 84 169
[12:19:34 26.06.2019] DEBUG: [Ch4] Waiting for AdjustmentRequest message...
[12:19:34 26.06.2019] INFO: [Ch1] Connect from 192.168.135.238:51244
[12:19:34 26.06.2019] WARNING: [Ch1] Using illegal protocol: TCP
[12:19:34 26.06.2019] INFO: [Ch2] Waiting incoming connection on :5056 from "pu_238"...
[12:19:34 26.06.2019] INFO: [Ch2] Connect from 192.168.135.238:46028
[12:19:34 26.06.2019] WARNING: [Ch2] Using illegal protocol: TCP
[12:19:34 26.06.2019] DEBUG: [Ch1] Waiting for ConnectRequest message...
[12:19:34 26.06.2019] DEBUG: [Ch1] ConnectRequest received: session-timeout = 200000; max-data-length = 1000; data-packet-window-size = 16; data-load-timeout = 60; request-response-timeout = 60; data-packet-response-timeout = 60
[12:19:34 26.06.2019] DEBUG: [Ch1] ConnectResponse sent: confirmed-data-packet-window-size = 16; confirmed-session-timeout = 200000; confirmed-data-load-timeout = 60; confirmed-request-response-timeout = 60 Supports list: 181 113 2 25 4 222 107 82 240 161 200 221 5 43 32 21 103 168 114 104 87 280 81 180 227 160 140 224 86 50 223 229 31 41 144 6 167 89 220 283 110 29 132 88 260 170 83 164 108 116 172 101 28 30 22 20 143 285 124 105 40 121 85 109 142 173 226 284 162 225 27 166 42 80 112 111 23 228 26 281 3 141 115 120 165 102 24 123 282 122 100 106 1 171 84 169
[12:19:34 26.06.2019] DEBUG: [Ch1] Waiting for AdjustmentRequest message...
[12:19:34 26.06.2019] DEBUG: [Ch3] AdjustmentRequest received. Supports list: 181 113 2 25 4 222 107 82 240 161 200 221 5 43 32 21 103 168 114 104 87 280 81 180 227 160 140 224 86 50 223 229 31 41 144 6 167 89 220 283 110 29 132 88 260 170 83 164 108 116 172 101 28 30 22 20 143 285 124 105 40 121 85 109 142 173 226 284 162 225 27 166 42 80 112 111 23 228 26 281 3 141 115 120 165 102 24 123 282 122 100 106 1 171 84 169
[12:19:34 26.06.2019] DEBUG: [Ch3] AdjustmentResponse sent
[12:19:34 26.06.2019] INFO: [Ch3] Logical session established
[12:19:34 26.06.2019] DEBUG: [Ch4] AdjustmentRequest received. Supports list: 181 113 2 25 4 222 107 82 240 161 200 221 5 43 32 21 103 168 114 104 87 280 81 180 227 160 140 224 86 50 223 229 31 41 144 6 167 89 220 283 110 29 132 88 260 170 83 164 108 116 172 101 28 30 22 20 143 285 124 105 40 121 85 109 142 173 226 284 162 225 27 166 42 80 112 111 23 228 26 281 3 141 115 120 165 102 24 123 282 122 100 106 1 171 84 169
[12:19:34 26.06.2019] DEBUG: [Ch4] AdjustmentResponse sent
[12:19:34 26.06.2019] INFO: [Ch4] Logical session established
[12:19:34 26.06.2019] DEBUG: [Ch1] AdjustmentRequest received. Supports list: 181 113 2 25 4 222 107 82 240 161 200 221 5 43 32 21 103 168 114 104 87 280 81 180 227 160 140 224 86 50 223 229 31 41 144 6 167 89 220 283 110 29 132 88 260 170 83 164 108 116 172 101 28 30 22 20 143 285 124 105 40 121 85 109 142 173 226 284 162 225 27 166 42 80 112 111 23 228 26 281 3 141 115 120 165 102 24 123 282 122 100 106 1 171 84 169
[12:19:34 26.06.2019] DEBUG: [Ch1] AdjustmentResponse sent
[12:19:34 26.06.2019] INFO: [Ch1] Logical session established
[12:19:34 26.06.2019] DEBUG: [Ch2] Waiting session establishment...
[12:19:34 26.06.2019] DEBUG: [Ch2] Logical session established
[12:19:34 26.06.2019] INFO: [Ch5] Connect from 192.168.135.238:46364
[12:19:34 26.06.2019] WARNING: [Ch5] Using illegal protocol: TCP
[12:19:34 26.06.2019] DEBUG: [Ch5] Waiting for ConnectRequest message...
[12:19:34 26.06.2019] DEBUG: [Ch5] ConnectRequest received: session-timeout = 200000; max-data-length = 1000; data-packet-window-size = 16; data-load-timeout = 60; request-response-timeout = 60; data-packet-response-timeout = 60
[12:19:34 26.06.2019] DEBUG: [Ch5] ConnectResponse sent: confirmed-data-packet-window-size = 16; confirmed-session-timeout = 200000; confirmed-data-load-timeout = 60; confirmed-request-response-timeout = 60 Supports list: 181 113 2 25 4 222 107 82 240 161 200 221 5 43 32 21 103 168 114 104 87 280 81 180 227 160 140 224 86 50 223 229 31 41 144 6 167 89 220 283 110 29 132 88 260 170 83 164 108 116 172 101 28 30 22 20 143 285 124 105 40 121 85 109 142 173 226 284 162 225 27 166 42 80 112 111 23 228 26 281 3 141 115 120 165 102 24 123 282 122 100 106 1 171 84 169
[12:19:34 26.06.2019] DEBUG: [Ch5] Waiting for AdjustmentRequest message...
[12:19:34 26.06.2019] DEBUG: [Ch5] AdjustmentRequest received. Supports list: 181 113 2 25 4 222 107 82 240 161 200 221 5 43 32 21 103 168 114 104 87 280 81 180 227 160 140 224 86 50 223 229 31 41 144 6 167 89 220 283 110 29 132 88 260 170 83 164 108 116 172 101 28 30 22 20 143 285 124 105 40 121 85 109 142 173 226 284 162 225 27 166 42 80 112 111 23 228 26 281 3 141 115 120 165 102 24 123 282 122 100 106 1 171 84 169
[12:19:34 26.06.2019] DEBUG: [Ch5] AdjustmentResponse sent
[12:19:34 26.06.2019] INFO: [Ch5] Logical session established
[12:20:44 26.06.2019] INFO: [Ch3] GetStructureRequest received
[12:20:45 26.06.2019] WARNING: Invalid SIZE of parameter. Required length from 1 to 256. Current length = 0. Element value = "". Path = 284 1 0 0 3 1 2 0 
[12:20:45 26.06.2019] WARNING: Invalid SIZE of parameter. Required length from 1 to 256. Current length = 0. Element value = "". Path = 284 1 0 0 3 1 2 0 
[12:20:45 26.06.2019] WARNING: Invalid SIZE of parameter. Required length from 1 to 256. Current length = 0. Element value = "". Path = 284 1 0 0 3 1 2 0 
[12:20:45 26.06.2019] WARNING: Invalid SIZE of parameter. Required length from 1 to 256. Current length = 0. Element value = "". Path = 284 1 0 0 3 1 2 0 
[12:20:45 26.06.2019] WARNING: Invalid SIZE of parameter. Required length from 1 to 256. Current length = 0. Element value = "". Path = 284 1 0 0 3 1 2 0 
[12:20:45 26.06.2019] WARNING: Invalid SIZE of parameter. Required length from 1 to 256. Current length = 0. Element value = "". Path = 284 1 0 0 3 1 2 0 
[12:20:45 26.06.2019] INFO: [Ch3] GetStructureRequest received
[12:20:46 26.06.2019] WARNING: Invalid SIZE of parameter. Required length from 1 to 256. Current length = 0. Element value = "". Path = 284 1 0 0 3 1 2 0 
[12:20:46 26.06.2019] WARNING: Invalid SIZE of parameter. Required length from 1 to 256. Current length = 0. Element value = "". Path = 284 1 0 0 3 1 2 0 
[12:20:46 26.06.2019] WARNING: Invalid SIZE of parameter. Required length from 1 to 256. Current length = 0. Element value = "". Path = 284 1 0 0 3 1 2 0 
[12:20:46 26.06.2019] WARNING: Invalid SIZE of parameter. Required length from 1 to 256. Current length = 0. Element value = "". Path = 284 1 0 0 3 1 2 0 
[12:20:46 26.06.2019] WARNING: Invalid SIZE of parameter. Required length from 1 to 256. Current length = 0. Element value = "". Path = 284 1 0 0 3 1 2 0 
[12:20:46 26.06.2019] WARNING: Invalid SIZE of parameter. Required length from 1 to 256. Current length = 0. Element value = "". Path = 284 1 0 0 3 1 2 0 
[12:22:45 26.06.2019] INFO: [Ch3] GetStructureRequest received
[12:22:45 26.06.2019] WARNING: Invalid SIZE of parameter. Required length from 1 to 256. Current length = 0. Element value = "". Path = 284 1 0 0 3 1 2 0 
[12:22:45 26.06.2019] WARNING: Invalid SIZE of parameter. Required length from 1 to 256. Current length = 0. Element value = "". Path = 284 1 0 0 3 1 2 0 
[12:22:45 26.06.2019] WARNING: Invalid SIZE of parameter. Required length from 1 to 256. Current length = 0. Element value = "". Path = 284 1 0 0 3 1 2 0 
[12:22:45 26.06.2019] WARNING: Invalid SIZE of parameter. Required length from 1 to 256. Current length = 0. Element value = "". Path = 284 1 0 0 3 1 2 0 
[12:22:45 26.06.2019] WARNING: Invalid SIZE of parameter. Required length from 1 to 256. Current length = 0. Element value = "". Path = 284 1 0 0 3 1 2 0 
[12:22:45 26.06.2019] WARNING: Invalid SIZE of parameter. Required length from 1 to 256. Current length = 0. Element value = "". Path = 284 1 0 0 3 1 2 0 
[12:22:46 26.06.2019] INFO: [Ch3] GetStructureRequest received
[12:22:46 26.06.2019] WARNING: Invalid SIZE of parameter. Required length from 1 to 256. Current length = 0. Element value = "". Path = 284 1 0 0 3 1 2 0 
[12:22:46 26.06.2019] WARNING: Invalid SIZE of parameter. Required length from 1 to 256. Current length = 0. Element value = "". Path = 284 1 0 0 3 1 2 0 
[12:22:46 26.06.2019] WARNING: Invalid SIZE of parameter. Required length from 1 to 256. Current length = 0. Element value = "". Path = 284 1 0 0 3 1 2 0 
[12:22:46 26.06.2019] WARNING: Invalid SIZE of parameter. Required length from 1 to 256. Current length = 0. Element value = "". Path = 284 1 0 0 3 1 2 0 
[12:22:46 26.06.2019] WARNING: Invalid SIZE of parameter. Required length from 1 to 256. Current length = 0. Element value = "". Path = 284 1 0 0 3 1 2 0 
[12:22:46 26.06.2019] WARNING: Invalid SIZE of parameter. Required length from 1 to 256. Current length = 0. Element value = "". Path = 284 1 0 0 3 1 2 0 
[12:22:50 26.06.2019] INFO: [Ch1] CreateTaskRequest received
[12:22:50 26.06.2019] INFO: [Ch1] CreateTaskRequest received
[12:22:50 26.06.2019] INFO: All parameters written to DB. TaskID: 1522561
[12:22:50 26.06.2019] INFO: All parameters written to DB. TaskID: 1522562
[12:22:51 26.06.2019] DEBUG: [Ch1] DataReadyRequest received
[12:22:52 26.06.2019] DEBUG: [Ch1] DataReadyRequest received
[12:22:53 26.06.2019] DEBUG: [Ch1] DataReadyRequest received
[12:22:54 26.06.2019] DEBUG: [Ch1] DataReadyRequest received
[12:22:55 26.06.2019] INFO: [Ch1] DataDropRequest received. TaskId: 1522561
[12:22:55 26.06.2019] ERROR: Cannot drop task 1522561: ERROR:  column "i_job_auto_drop" does not exist
CONTEXT:  Error occurred on dblink connection named "DELETE_CONNECT": could not execute query.
SQL statement "select * from dblink('DELETE_CONNECT','select dbms_job.create_job('||quote_literal('q_drop_' || split_part(split_part(p_name,',',1),'_',2))||','|| quote_literal(what)||',i_job_auto_drop=>true,i_job_desc=>''Drop result object'');') as t1(job_no numeric)"
PL/pgSQL function jan_result.run_job_drop_object(character varying) line 15 at SQL statement
SQL statement "select jan_result.run_job_drop_object('Q_1522561_10,Q_1522561_10_T');"
PL/pgSQL function task_pac.delette(integer) line 58 at EXECUTE statement
SQL statement "SELECT task_pac.delette(p_task_id)"
PL/pgSQL function task_pac.delete(integer) line 32 at PERFORM
SQL statement "SELECT task_pac.delete(task_id)"
PL/pgSQL function gw_drop_task(integer) line 1 at PERFORM
 42703
[12:22:55 26.06.2019] INFO: [Ch1] DataDropRequest received. TaskId: 1522562
[12:22:55 26.06.2019] ERROR: Cannot drop task 1522562: ERROR:  column "i_job_auto_drop" does not exist
CONTEXT:  Error occurred on dblink connection named "DELETE_CONNECT": could not execute query.
SQL statement "select * from dblink('DELETE_CONNECT','select dbms_job.create_job('||quote_literal('q_drop_' || split_part(split_part(p_name,',',1),'_',2))||','|| quote_literal(what)||',i_job_auto_drop=>true,i_job_desc=>''Drop result object'');') as t1(job_no numeric)"
PL/pgSQL function jan_result.run_job_drop_object(character varying) line 15 at SQL statement
SQL statement "select jan_result.run_job_drop_object('Q_1522562_7');"
PL/pgSQL function task_pac.delette(integer) line 58 at EXECUTE statement
SQL statement "SELECT task_pac.delette(p_task_id)"
PL/pgSQL function task_pac.delete(integer) line 32 at PERFORM
SQL statement "SELECT task_pac.delete(task_id)"
PL/pgSQL function gw_drop_task(integer) line 1 at PERFORM
 42703
