[12:10:12 26.06.2019] INFO: ASN-protocol revision: 50
[12:10:12 26.06.2019] INFO: [Ch1] Waiting incoming connection on :65120 from "pu_70"...
[12:10:12 26.06.2019] INFO: [Ch3] Waiting incoming connection on :65122 from "pu_70"...
[12:10:12 26.06.2019] INFO: [Ch4] Waiting incoming connection on :65123 from "pu_70"...
[12:10:12 26.06.2019] INFO: [Ch5] Waiting incoming connection on :65124 from "pu_70"...
[12:10:18 26.06.2019] INFO: [Ch5] Connect from 192.168.135.70:34560
[12:10:18 26.06.2019] WARNING: [Ch5] Using illegal protocol: TCP
[12:10:18 26.06.2019] INFO: [Ch5] Logical session established
[12:10:18 26.06.2019] INFO: [Ch1] Connect from 192.168.135.70:33530
[12:10:18 26.06.2019] WARNING: [Ch1] Using illegal protocol: TCP
[12:10:18 26.06.2019] INFO: [Ch2] Waiting incoming connection on :65121 from "pu_70"...
[12:10:18 26.06.2019] INFO: [Ch2] Connect from 192.168.135.70:59466
[12:10:18 26.06.2019] WARNING: [Ch2] Using illegal protocol: TCP
[12:10:18 26.06.2019] INFO: [Ch4] Connect from 192.168.135.70:50392
[12:10:18 26.06.2019] WARNING: [Ch4] Using illegal protocol: TCP
[12:10:18 26.06.2019] INFO: [Ch1] Logical session established
[12:10:18 26.06.2019] INFO: [Ch4] Logical session established
[12:10:18 26.06.2019] INFO: [Ch3] Connect from 192.168.135.70:42976
[12:10:18 26.06.2019] WARNING: [Ch3] Using illegal protocol: TCP
[12:10:18 26.06.2019] INFO: [Ch3] Logical session established
[12:11:27 26.06.2019] INFO: [Ch3] GetStructureRequest received
[12:11:28 26.06.2019] WARNING: Invalid SIZE of parameter. Required length from 1 to 256. Current length = 0. Element value = "". Path = 284 1 0 0 3 1 2 0 
[12:11:28 26.06.2019] WARNING: Invalid SIZE of parameter. Required length from 1 to 256. Current length = 0. Element value = "". Path = 284 1 0 0 3 1 2 0 
[12:11:28 26.06.2019] WARNING: Invalid SIZE of parameter. Required length from 1 to 256. Current length = 0. Element value = "". Path = 284 1 0 0 3 1 2 0 
[12:11:28 26.06.2019] WARNING: Invalid SIZE of parameter. Required length from 1 to 256. Current length = 0. Element value = "". Path = 284 1 0 0 3 1 2 0 
[12:11:28 26.06.2019] WARNING: Invalid SIZE of parameter. Required length from 1 to 256. Current length = 0. Element value = "". Path = 284 1 0 0 3 1 2 0 
[12:11:28 26.06.2019] WARNING: Invalid SIZE of parameter. Required length from 1 to 256. Current length = 0. Element value = "". Path = 284 1 0 0 3 1 2 0 
[12:13:27 26.06.2019] INFO: [Ch3] GetStructureRequest received
[12:13:28 26.06.2019] WARNING: Invalid SIZE of parameter. Required length from 1 to 256. Current length = 0. Element value = "". Path = 284 1 0 0 3 1 2 0 
[12:13:28 26.06.2019] WARNING: Invalid SIZE of parameter. Required length from 1 to 256. Current length = 0. Element value = "". Path = 284 1 0 0 3 1 2 0 
[12:13:28 26.06.2019] WARNING: Invalid SIZE of parameter. Required length from 1 to 256. Current length = 0. Element value = "". Path = 284 1 0 0 3 1 2 0 
[12:13:28 26.06.2019] WARNING: Invalid SIZE of parameter. Required length from 1 to 256. Current length = 0. Element value = "". Path = 284 1 0 0 3 1 2 0 
[12:13:28 26.06.2019] WARNING: Invalid SIZE of parameter. Required length from 1 to 256. Current length = 0. Element value = "". Path = 284 1 0 0 3 1 2 0 
[12:13:28 26.06.2019] WARNING: Invalid SIZE of parameter. Required length from 1 to 256. Current length = 0. Element value = "". Path = 284 1 0 0 3 1 2 0 
[12:15:26 26.06.2019] INFO: [Ch3] GetStructureRequest received
[12:15:27 26.06.2019] WARNING: Invalid SIZE of parameter. Required length from 1 to 256. Current length = 0. Element value = "". Path = 284 1 0 0 3 1 2 0 
[12:15:27 26.06.2019] WARNING: Invalid SIZE of parameter. Required length from 1 to 256. Current length = 0. Element value = "". Path = 284 1 0 0 3 1 2 0 
[12:15:27 26.06.2019] WARNING: Invalid SIZE of parameter. Required length from 1 to 256. Current length = 0. Element value = "". Path = 284 1 0 0 3 1 2 0 
[12:15:27 26.06.2019] WARNING: Invalid SIZE of parameter. Required length from 1 to 256. Current length = 0. Element value = "". Path = 284 1 0 0 3 1 2 0 
[12:15:27 26.06.2019] WARNING: Invalid SIZE of parameter. Required length from 1 to 256. Current length = 0. Element value = "". Path = 284 1 0 0 3 1 2 0 
[12:15:27 26.06.2019] WARNING: Invalid SIZE of parameter. Required length from 1 to 256. Current length = 0. Element value = "". Path = 284 1 0 0 3 1 2 0 
[12:17:26 26.06.2019] INFO: [Ch3] GetStructureRequest received
[12:17:27 26.06.2019] WARNING: Invalid SIZE of parameter. Required length from 1 to 256. Current length = 0. Element value = "". Path = 284 1 0 0 3 1 2 0 
[12:17:27 26.06.2019] WARNING: Invalid SIZE of parameter. Required length from 1 to 256. Current length = 0. Element value = "". Path = 284 1 0 0 3 1 2 0 
[12:17:27 26.06.2019] WARNING: Invalid SIZE of parameter. Required length from 1 to 256. Current length = 0. Element value = "". Path = 284 1 0 0 3 1 2 0 
[12:17:27 26.06.2019] WARNING: Invalid SIZE of parameter. Required length from 1 to 256. Current length = 0. Element value = "". Path = 284 1 0 0 3 1 2 0 
[12:17:27 26.06.2019] WARNING: Invalid SIZE of parameter. Required length from 1 to 256. Current length = 0. Element value = "". Path = 284 1 0 0 3 1 2 0 
[12:17:27 26.06.2019] WARNING: Invalid SIZE of parameter. Required length from 1 to 256. Current length = 0. Element value = "". Path = 284 1 0 0 3 1 2 0 
[12:19:32 26.06.2019] INFO: ASN-protocol revision: 50
[12:19:32 26.06.2019] INFO: [Ch1] Waiting incoming connection on :65120 from "pu_70"...
[12:19:32 26.06.2019] INFO: [Ch3] Waiting incoming connection on :65122 from "pu_70"...
[12:19:32 26.06.2019] INFO: [Ch4] Waiting incoming connection on :65123 from "pu_70"...
[12:19:32 26.06.2019] INFO: [Ch5] Waiting incoming connection on :65124 from "pu_70"...
[12:19:42 26.06.2019] INFO: [Ch4] Connect from 192.168.135.70:51386
[12:19:42 26.06.2019] WARNING: [Ch4] Using illegal protocol: TCP
[12:19:42 26.06.2019] INFO: [Ch3] Connect from 192.168.135.70:43968
[12:19:42 26.06.2019] WARNING: [Ch3] Using illegal protocol: TCP
[12:19:42 26.06.2019] INFO: [Ch3] Logical session established
[12:19:42 26.06.2019] INFO: [Ch4] Logical session established
[12:19:42 26.06.2019] INFO: [Ch1] Connect from 192.168.135.70:34532
[12:19:42 26.06.2019] WARNING: [Ch1] Using illegal protocol: TCP
[12:19:42 26.06.2019] INFO: [Ch2] Waiting incoming connection on :65121 from "pu_70"...
[12:19:42 26.06.2019] INFO: [Ch2] Connect from 192.168.135.70:60468
[12:19:42 26.06.2019] WARNING: [Ch2] Using illegal protocol: TCP
[12:19:42 26.06.2019] INFO: [Ch5] Connect from 192.168.135.70:35568
[12:19:42 26.06.2019] WARNING: [Ch5] Using illegal protocol: TCP
[12:19:42 26.06.2019] INFO: [Ch1] Logical session established
[12:19:42 26.06.2019] INFO: [Ch5] Logical session established
[12:19:42 26.06.2019] INFO: [Ch1] CreateTaskRequest received
[12:19:42 26.06.2019] INFO: All parameters written to DB. TaskID: 1522555
[12:19:42 26.06.2019] INFO: [Ch1] CreateTaskRequest received
[12:19:42 26.06.2019] INFO: [Ch1] CreateTaskRequest received
[12:19:42 26.06.2019] INFO: All parameters written to DB. TaskID: 1522556
[12:19:42 26.06.2019] INFO: All parameters written to DB. TaskID: 1522557
[12:19:46 26.06.2019] INFO: [Ch1] DataDropRequest received. TaskId: 1522555
[12:19:47 26.06.2019] ERROR: Cannot drop task 1522555: ERROR:  column "i_job_auto_drop" does not exist
CONTEXT:  Error occurred on dblink connection named "DELETE_CONNECT": could not execute query.
SQL statement "select * from dblink('DELETE_CONNECT','select dbms_job.create_job('||quote_literal('q_drop_' || split_part(split_part(p_name,',',1),'_',2))||','|| quote_literal(what)||',i_job_auto_drop=>true,i_job_desc=>''Drop result object'');') as t1(job_no numeric)"
PL/pgSQL function jan_result.run_job_drop_object(character varying) line 15 at SQL statement
SQL statement "select jan_result.run_job_drop_object('Q_1522555_9');"
PL/pgSQL function task_pac.delette(integer) line 58 at EXECUTE statement
SQL statement "SELECT task_pac.delette(p_task_id)"
PL/pgSQL function task_pac.delete(integer) line 32 at PERFORM
SQL statement "SELECT task_pac.delete(task_id)"
PL/pgSQL function gw_drop_task(integer) line 1 at PERFORM
 42703
[12:19:47 26.06.2019] INFO: [Ch1] DataDropRequest received. TaskId: 1522556
[12:19:47 26.06.2019] INFO: [Ch1] DataDropRequest received. TaskId: 1522557
[12:21:27 26.06.2019] INFO: [Ch3] GetStructureRequest received
[12:21:27 26.06.2019] WARNING: Invalid SIZE of parameter. Required length from 1 to 256. Current length = 0. Element value = "". Path = 284 1 0 0 3 1 2 0 
[12:21:27 26.06.2019] WARNING: Invalid SIZE of parameter. Required length from 1 to 256. Current length = 0. Element value = "". Path = 284 1 0 0 3 1 2 0 
[12:21:27 26.06.2019] WARNING: Invalid SIZE of parameter. Required length from 1 to 256. Current length = 0. Element value = "". Path = 284 1 0 0 3 1 2 0 
[12:21:27 26.06.2019] WARNING: Invalid SIZE of parameter. Required length from 1 to 256. Current length = 0. Element value = "". Path = 284 1 0 0 3 1 2 0 
[12:21:27 26.06.2019] WARNING: Invalid SIZE of parameter. Required length from 1 to 256. Current length = 0. Element value = "". Path = 284 1 0 0 3 1 2 0 
[12:21:27 26.06.2019] WARNING: Invalid SIZE of parameter. Required length from 1 to 256. Current length = 0. Element value = "". Path = 284 1 0 0 3 1 2 0 
